This file contains any messages produced by compilers while
running configure, to aid debugging if configure makes a mistake.

It was created by WebRTC_AEC configure 1.0, which was
generated by GNU Autoconf 2.69.  Invocation command line was

  $ ./configure --host=aarch64-poky-linux --prefix=/home/chchen59/ma35d1_sip_phone/WebRTC_AEC/../baresip_build/usr host_alias=aarch64-poky-linux CC=aarch64-poky-linux-gcc  -mcpu=cortex-a35+crc --sysroot=/usr/local/oecore-x86_64/sysroots/aarch64-poky-linux CFLAGS= -O2 -pipe -g -feliminate-unused-debug-types  LDFLAGS=-Wl,-O1 -Wl,--hash-style=gnu -Wl,--as-needed CPPFLAGS= CPP=aarch64-poky-linux-gcc -E  -mcpu=cortex-a35+crc --sysroot=/usr/local/oecore-x86_64/sysroots/aarch64-poky-linux CXX=aarch64-poky-linux-g++  -mcpu=cortex-a35+crc --sysroot=/usr/local/oecore-x86_64/sysroots/aarch64-poky-linux CXXFLAGS= -O2 -pipe -g -feliminate-unused-debug-types  --no-create --no-recursion

## --------- ##
## Platform. ##
## --------- ##

hostname = chchen59
uname -m = x86_64
uname -r = 5.8.0-59-generic
uname -s = Linux
uname -v = #66~20.04.1-Ubuntu SMP Thu Jun 17 11:14:10 UTC 2021

/usr/bin/uname -p = x86_64
/bin/uname -X     = unknown

/bin/arch              = x86_64
/usr/bin/arch -k       = unknown
/usr/convex/getsysinfo = unknown
/usr/bin/hostinfo      = unknown
/bin/machine           = unknown
/usr/bin/oslevel       = unknown
/bin/universe          = unknown

PATH: /usr/local/oecore-x86_64/sysroots/x86_64-pokysdk-linux/usr/bin
PATH: /usr/local/oecore-x86_64/sysroots/x86_64-pokysdk-linux/usr/sbin
PATH: /usr/local/oecore-x86_64/sysroots/x86_64-pokysdk-linux/bin
PATH: /usr/local/oecore-x86_64/sysroots/x86_64-pokysdk-linux/sbin
PATH: /usr/local/oecore-x86_64/sysroots/x86_64-pokysdk-linux/usr/bin/../x86_64-pokysdk-linux/bin
PATH: /usr/local/oecore-x86_64/sysroots/x86_64-pokysdk-linux/usr/bin/aarch64-poky-linux
PATH: /usr/local/oecore-x86_64/sysroots/x86_64-pokysdk-linux/usr/bin/aarch64-poky-linux-musl
PATH: /usr/local/gcc-arm-none-eabi-10/bin
PATH: /usr/local/sbin
PATH: /usr/local/bin
PATH: /usr/sbin
PATH: /usr/bin
PATH: /sbin
PATH: /bin
PATH: /usr/games
PATH: /usr/local/games
PATH: /snap/bin


## ----------- ##
## Core tests. ##
## ----------- ##

configure:2129: loading site script /usr/local/oecore-x86_64/site-config-aarch64-poky-linux
| ac_cv_c_littleendian=${ac_cv_c_littleendian=yes}
| ac_cv_c_bigendian=${ac_cv_c_bigendian=no}
| 
| # libnet
| ac_cv_libnet_endianess=${ac_cv_libnet_endianess=lil}
| 
| # libmemcached
| ac_cv_c_endian=little
| # general
| ac_cv_va_val_copy=${ac_cv_va_val_copy=yes}
| ac_cv_func_lstat_dereferences_slashed_symlink=${ac_cv_func_lstat_dereferences_slashed_symlink=yes}
| ac_cv_func_lstat_empty_string_bug=${ac_cv_func_lstat_empty_string_bug=no}
| ac_cv_func_stat_empty_string_bug=${ac_cv_func_stat_empty_string_bug=no}
| ac_cv_func_stat_ignores_trailing_slash=${ac_cv_func_stat_ignores_trailing_slash=no}
| 
| # bash
| ac_cv_c_long_double=${ac_cv_c_long_double=yes}
| bash_cv_func_sigsetjmp=${bash_cv_func_sigsetjmp=missing}
| 
| # coreutils
| utils_cv_sys_open_max=${utils_cv_sys_open_max=1019}
| 
| # cvs
| cvs_cv_func_printf_ptr=${cvs_cv_func_printf_ptr=yes}
| 
| # db (sleepycat)
| db_cv_fcntl_f_setfd=${db_cv_fcntl_f_setfd=yes}
| db_cv_sprintf_count=${db_cv_sprintf_count=yes}
| db_cv_align_t=${db_cv_align_t='unsigned long long'}
| db_cv_alignp_t=${db_cv_alignp_t='unsigned long'}
| 
| # D-BUS
| ac_cv_func_posix_getpwnam_r=${ac_cv_func_posix_getpwnam_r=yes}
| 
| # edb
| db_cv_spinlocks=${db_cv_spinlocks=no}
| 
| # ettercap
| ettercap_cv_type_socklen_t=${ettercap_cv_type_socklen_t=yes}
| 
| # fget
| compat_cv_func_snprintf_works=${compat_cv_func_snprintf_works=yes}
| compat_cv_func_basename_works=${compat_cv_func_basename_works=no}
| compat_cv_func_dirname_works=${compat_cv_func_dirname_works=no}
| 
| # fnmatch
| ac_cv_func_fnmatch_works=${ac_cv_func_fnmatch_works=yes}
| 
| # gettext
| am_cv_func_working_getline=${am_cv_func_working_getline=yes}
| 
| # glib
| glib_cv_stack_grows=${glib_cv_stack_grows=no}
| glib_cv_uscore=${glib_cv_uscore=no}
| glib_cv_use_pid_surrogate=${glib_cv_use_pid_surrogate=yes}
| glib_cv_has__inline=${glib_cv_has__inline=yes}
| glib_cv_has__inline__=${glib_cv_has__inline__=yes}
| glib_cv_hasinline=${glib_cv_hasinline=yes}
| glib_cv_sane_realloc=${glib_cv_sane_realloc=yes}
| glib_cv_uscore=${glib_cv_uscore=no}
| glib_cv_va_val_copy=${glib_cv_va_val_copy=yes}
| glib_cv_rtldglobal_broken=${glib_cv_rtldglobal_broken=no}
| glib_cv_sys_pthread_mutex_trylock_posix=${glib_cv_sys_pthread_mutex_trylock_posix=yes}
| glib_cv_sys_pthread_getspecific_posix=${glib_cv_sys_pthread_getspecific_posix=yes}
| glib_cv_sys_pthread_cond_timedwait_posix=${glib_cv_sys_pthread_cond_timedwait_posix=yes}
| 
| # glib-2.0
| glib_cv_long_long_format=${glib_cv_long_long_format=ll}
| glib_cv_sys_use_pid_niceness_surrogate=${glib_cv_sys_use_pid_niceness_surrogate=yes}
| 
| #gstreamer
| as_cv_unaligned_access=${as_cv_unaligned_access=no}
| 
| # httppc
| ac_cv_strerror_r_SUSv3=${ac_cv_strerror_r_SUSv3=no}
| 
| # lftp
| ac_cv_need_trio=${ac_cv_need_trio=no}
| lftp_cv_va_val_copy=${lftp_cv_va_val_copy=yes}
| 
| # libesmtp
| acx_working_snprintf=${acx_working_snprintf=yes}
| 
| # libidl
| libIDL_cv_long_long_format=${libIDL_cv_long_long_format=ll}
| 
| # libnet 
| ac_libnet_have_packet_socket=${ac_libnet_have_packet_socket=yes}
| 
| # libpcap
| ac_cv_linux_vers=${ac_cv_linux_vers=2}
| 
| # libxfce4util
| with_broken_putenv=${with_broken_putenv=no}
| 
| # links
| ac_cv_lib_png_png_create_info_struct=${ac_cv_lib_png_png_create_info_struct=yes}
| 
| # mysql
| mysql_cv_func_atomic_sub=${mysql_cv_func_atomic_sub=no}
| mysql_cv_func_atomic_add=${mysql_cv_func_atomic_add=no}
| 
| # nano
| ac_cv_regexec_segfault_emptystr=${ac_cv_regexec_segfault_emptystr=no}
| nano_cv_func_regexec_segv_emptystr=${nano_cv_func_regexec_segv_emptystr=no}
| 
| # php
| ac_cv_pread=${ac_cv_pread=no}
| ac_cv_pwrite=${ac_cv_pwrite=no}
| php_cv_lib_cookie_io_functions_use_off64_t=${php_cv_lib_cookie_io_functions_use_off64_t=yes}
| 
| # rsync
| rsync_cv_HAVE_BROKEN_LARGEFILE=${rsync_cv_HAVE_BROKEN_LARGEFILE=no}
| rsync_cv_HAVE_SOCKETPAIR=${rsync_cv_HAVE_SOCKETPAIR=yes}
| rsync_cv_HAVE_LONGLONG=${rsync_cv_HAVE_LONGLONG=yes}
| rsync_cv_HAVE_OFF64_T=${rsync_cv_HAVE_OFF64_T=no}
| rsync_cv_HAVE_SHORT_INO_T=${rsync_cv_HAVE_SHORT_INO_T=no}
| rsync_cv_HAVE_UNSIGNED_CHAR=${rsync_cv_HAVE_UNSIGNED_CHAR=no}
| rsync_cv_HAVE_BROKEN_READDIR=${rsync_cv_HAVE_BROKEN_READDIR=no}
| rsync_cv_HAVE_GETTIMEOFDAY_TZ=${rsync_cv_HAVE_GETTIMEOFDAY_TZ=yes}
| rsync_cv_HAVE_SECURE_MKSTEMP=${rsync_cv_HAVE_SECURE_MKSTEMP=yes}
| rsync_cv_REPLACE_INET_NTOA=${rsync_cv_REPLACE_INET_NTOA=no}
| rsync_cv_REPLACE_INET_ATON=${rsync_cv_REPLACE_INET_ATON=no}
| 
| # screen
| screen_cv_sys_bcopy_overlap=${screen_cv_sys_bcopy_overlap=no}
| screen_cv_sys_memcpy_overlap=${screen_cv_sys_memcpy_overlap=no}
| screen_cv_sys_memmove_overlap=${screen_cv_sys_memmove_overlap=no}
| screen_cv_sys_fifo_broken_impl=${screen_cv_sys_fifo_broken_impl=yes}
| screen_cv_sys_fifo_usable=${screen_cv_sys_fifo_usable=yes}
| screen_cv_sys_select_broken_retval=${screen_cv_sys_select_broken_retval=no}
| screen_cv_sys_sockets_nofs=${screen_cv_sys_sockets_nofs=no}
| screen_cv_sys_sockets_usable=${screen_cv_sys_sockets_usable=yes}
| screen_cv_sys_terminfo_used=${screen_cv_sys_terminfo_used=yes}
| 
| # slrn
| slrn_cv_va_val_copy=${slrn_cv_va_val_copy=yes}
| 
| # socat
| ac_cv_ispeed_offset=${ac_cv_ispeed_offset=13}
| sc_cv_termios_ispeed=${sc_cv_termios_ispeed=yes}
| 
| # ssh
| ac_cv_have_space_d_name_in_struct_dirent=${ac_cv_dirent_have_space_d_name=yes}
| ac_cv_have_broken_snprintf=${ac_cv_have_broken_snprintf=no}
| ac_cv_have_accrights_in_msghdr=${ac_cv_have_accrights_in_msghdr=no}
| ac_cv_have_control_in_msghdr=${ac_cv_have_control_in_msghdr=yes}
| ac_cv_have_openpty_ctty_bug=${ac_cv_have_openpty_ctty_bug=yes}
| 
| # startup-notification
| lf_cv_sane_realloc=yes
| 
| # xffm
| jm_cv_func_working_readdir=yes
| 
| # evolution-data-server
| ac_cv_libiconv_utf8=${ac_cv_libiconv_utf8=yes}
| 
| # definitions assuming 64-bit arm architecture
| 
| # general
| ac_cv_sizeof_wchar_t=4
| ac_cv_sizeof_size_t=8
| ac_cv_sizeof_ssize_t=8
| ac_cv_alignof_char=1
| ac_cv_alignof_double=8
| 
| # glib
| #glib_cv_sizeof_gmutex=${glib_cv_sizeof_gmutex=24}
| #glib_cv_sizeof_system_thread=${glib_cv_sizeof_system_thread=4}
| #glib_cv_sizeof_gmutex=${glib_cv_sizeof_gmutex=24}
| 
| # glib-2.0
| #glib_cv_sizeof_gmutex=${glib_cv_sizeof_gmutex=24}
| #glib_cv_sizeof_intmax_t=${glib_cv_sizeof_intmax_t=8}
| #glib_cv_sizeof_ptrdiff_t=${glib_cv_sizeof_ptrdiff_t=4}
| #glib_cv_sizeof_size_t=${glib_cv_sizeof_size_t=4}
| #glib_cv_sizeof_system_thread=${glib_cv_sizeof_system_thread=4}
| ac_cv_alignof_guint32=4
| ac_cv_alignof_guint64=8
| ac_cv_alignof_unsigned_long=8
| 
| # ORBit2 (should be in meta-gnome/site/arm-64)
| #ac_cv_alignof_CORBA_boolean=1
| #ac_cv_alignof_CORBA_char=1
| #ac_cv_alignof_CORBA_double=8
| #ac_cv_alignof_CORBA_float=4
| #ac_cv_alignof_CORBA_long=4
| #ac_cv_alignof_CORBA_long_double=8
| #ac_cv_alignof_CORBA_long_long=8
| #ac_cv_alignof_CORBA_octet=1
| #ac_cv_alignof_CORBA_pointer=4
| #ac_cv_alignof_CORBA_short=2
| #ac_cv_alignof_CORBA_struct=1
| #ac_cv_alignof_CORBA_wchar=2
| 
| # at-spi2-core
| ac_cv_alignof_dbind_pointer=8
| ac_cv_alignof_dbind_struct=1
| ac_cv_alignof_dbus_bool_t=4
| ac_cv_alignof_dbus_int16_t=2
| ac_cv_alignof_dbus_int32_t=4
| ac_cv_alignof_dbus_int64_t=8
| 
| # gettext - these add sleep delays otherwise
| gl_cv_func_sleep_works=${gl_cv_func_sleep_works=yes}
| gl_cv_header_working_fcntl_h=${gl_cv_header_working_fcntl_h=yes}
| 
| # apr
| ac_cv_file__dev_zero=${ac_cv_file__dev_zero=yes}
| ac_cv_sizeof_pid_t=${ac_cv_sizeof_pid_t=4}
| ac_cv_func_pthread_key_delete=${ac_cv_func_pthread_key_delete=yes}
| apr_cv_tcp_nodelay_with_cork=${apr_cv_tcp_nodelay_with_cork=yes}
| apr_cv_process_shared_works=${apr_cv_process_shared_works=no}
| 
| # samba
| samba_cv_HAVE_IFACE_AIX=${samba_cv_HAVE_IFACE_AIX=no}
| samba_cv_HAVE_IFACE_IFCONF=${samba_cv_HAVE_IFACE_IFCONF=yes}
| samba_cv_HAVE_IFACE_IFREQ=${samba_cv_HAVE_IFACE_IFREQ=yes}
| samba_cv_HAVE_IRIX_SPECIFIC_CAPABILITIES=${samba_cv_HAVE_IRIX_SPECIFIC_CAPABILITIES=no}
| 
| # db
| db_cv_path_ar=${db_cv_path_ar=/usr/bin/ar}
| db_cv_path_chmod=${db_cv_path_chmod=/bin/chmod}
| db_cv_path_cp=${db_cv_path_cp=/bin/cp}
| db_cv_path_ln=${db_cv_path_ln=/bin/ln}
| db_cv_path_mkdir=${db_cv_path_mkdir=/bin/mkdir}
| db_cv_path_ranlib=${db_cv_path_ranlib=/usr/bin/ranlib}
| db_cv_path_rm=${db_cv_path_rm=/bin/rm}
| db_cv_path_sh=${db_cv_path_sh=/bin/sh}
| db_cv_path_strip=${db_cv_path_strip=/usr/bin/strip}
| 
| # bash
| bash_cv_have_mbstate_t=${bash_cv_have_mbstate_t=yes}
| bash_cv_must_reinstall_sighandlers=${bash_cv_must_reinstall_sighandlers=no}
| bash_cv_func_strcoll_broken=${bash_cv_func_strcoll_broken=no}
| bash_cv_dup2_broken=${bash_cv_dup2_broken=no}
| bash_cv_opendir_not_robust=${bash_cv_opendir_not_robust=no}
| bash_cv_type_rlimit=${bash_cv_type_rlimit=rlim_t}
| bash_cv_getenv_redef=${bash_cv_getenv_redef=yes}
| bash_cv_ulimit_maxfds=${bash_cv_ulimit_maxfds=yes}
| bash_cv_getcwd_calls_popen=${bash_cv_getcwd_calls_popen=no}
| bash_cv_printf_a_format=${bash_cv_printf_a_format=yes}
| bash_cv_pgrp_pipe=${bash_cv_pgrp_pipe=no}
| bash_cv_job_control_missing=${bash_cv_job_control_missing=present}
| bash_cv_sys_named_pipes=${bash_cv_sys_named_pipes=present}
| bash_cv_unusable_rtsigs=${bash_cv_unusable_rtsigs=no}
| 
| # ccache
| hw_cv_func_snprintf_c99=${hw_cv_func_snprintf_c99=yes}
| hw_cv_func_vsnprintf_c99=${hw_cv_func_vsnprintf_c99=yes}
| 
| # coreutils
| ac_cv_func_chown_works=${ac_cv_func_chown_works=yes}
| ac_cv_func_utime_null=${ac_cv_func_utime_null=yes}
| gl_cv_func_fstatat_zero_flag=${gl_cv_func_fstatat_zero_flag=yes}
| gl_cv_func_link_follows_symlink=${gl_cv_func_link_follows_symlink=no}
| gl_cv_func_unlink_busy_text=${gl_cv_func_unlink_busy_text=yes}
| gl_cv_have_proc_uptime=${gl_cv_have_proc_uptime=yes}
| gl_cv_pipes_are_fifos=${gl_cv_pipes_are_fifos='yes (1)'}
| 
| # mysql
| ac_cv_sys_restartable_syscalls=${ac_cv_sys_restartable_syscalls=yes}
| ac_cv_conv_longlong_to_float=${ac_cv_conv_longlong_to_float=yes}
| 
| # TCL
| tcl_cv_api_serial=${tcl_cv_api_serial=termios}
| 
| # python
| ac_cv_have_long_long_format=yes
| 
| # apache
| ac_cv_o_nonblock_inherited=${ac_cv_o_nonblock_inherited=no}
| 
| # rsync
| rsync_cv_HAVE_C99_VSNPRINTF=${rsync_cv_HAVE_C99_VSNPRINTF=yes}
| # general
| ac_cv_func_calloc_0_nonnull=${ac_cv_func_calloc_0_nonnull=yes}
| ac_cv_func_realloc_works=${ac_cv_func_realloc_works=yes}
| ac_cv_func_realloc_0_nonnull=${ac_cv_func_realloc_0_nonnull=yes}
| ac_cv_func_malloc_works=${ac_cv_func_malloc_works=yes}
| ac_cv_func_malloc_0_nonnull=${ac_cv_func_malloc_0_nonnull=yes}
| ac_cv_func_memcmp_working=${ac_cv_func_memcmp_working=yes}
| ac_cv_func_getpgrp_void=yes
| ac_cv_func_setpgrp_void=yes
| ac_cv_func_setgrent_void=yes
| ac_cv_func_getgrgid_r=${ac_cv_func_getgrgid_r=yes}
| ac_cv_func_getpwuid_r=${ac_cv_func_getpwuid_r=yes}
| ac_cv_func_posix_getpwuid_r=${ac_cv_func_posix_getpwuid_r=yes}
| ac_cv_func_posix_getgrgid_r=${ac_cv_func_posix_getgrgid_r=yes}
| ac_cv_type_uid_t={ac_cv_type_uid_t=yes}
| ac_cv_func_getaddrinfo=${ac_cv_func_getaddrinfo=yes}
| ac_cv_func_strtod=${ac_cv_func_strtod=yes}
| 
| # bash
| bash_cv_getcwd_malloc=${bash_cv_getcwd_malloc=yes}
| 
| # clamav
| clamav_av_func_working_snprintf_long=${clamav_av_func_working_snprintf_long=yes}
| clamav_av_have_in_port_t=${clamav_av_have_in_port_t=yes}
| clamav_av_have_in_addr_t=${clamav_av_have_in_addr_t=yes}
| ac_cv_func_mmap_fixed_mapped=${ac_cv_func_mmap_fixed_mapped=yes}
| 
| # coreutils
| fu_cv_sys_stat_statfs2_bsize=${fu_cv_sys_stat_statfs2_bsize=yes}
| gl_cv_func_getcwd_abort_bug=${gl_cv_func_getcwd_abort_bug=no}
| gl_cv_func_getcwd_null=${gl_cv_func_getcwd_null=yes}
| gl_cv_func_getcwd_path_max=${gl_cv_func_getcwd_path_max=yes}
| ac_cv_func_getgroups_works=${ac_cv_func_getgroups_works=yes}
| gl_cv_func_nanosleep=${gl_cv_func_nanosleep='no (mishandles large arguments)'}
| gl_cv_func_working_mkstemp=${gl_cv_func_working_mkstemp=yes}
| gl_cv_func_working_mktime=${gl_cv_func_working_mktime=yes}
| gl_cv_func_working_utimes=${gl_cv_func_working_utimes=yes}
| 
| # glib
| glib_cv_strlcpy=${glib_cv_strlcpy=no}
| ac_cv_func_printf_unix98=${ac_cv_func_printf_unix98=yes}
| ac_cv_func_snprintf_c99=${ac_cv_func_snprintf_c99=yes}
| ac_cv_func_vsnprintf_c99=${ac_cv_func_vsnprintf_c99=yes}
| glib_cv_compliant_posix_memalign=${glib_cv_compliant_posix_memalign=1}
| glib_cv_long_long_format=${glib_cv_long_long_format=ll}
| # glib-1.x requires this and pkgconfig-native / pkgconfig-nativesdk use
| # that to avoid a dependency loop.
| glib_cv___va_copy=${glib_cv___va_copy=yes}
| glib_cv_va_copy=${glib_cv_va_copy=yes}
| glib_cv_have_qsort_r=${glib_cv_have_qsort_r=yes}
| 
| #dbus-glib
| ac_cv_have_abstract_sockets=${ac_cv_have_abstract_sockets=yes}
| 
| # gnucash
| am_cv_scanf_lld=${am_cv_scanf_lld=yes}
| 
| # guile
| ac_cv_func_pthread_attr_getstack=${ac_cv_func_pthread_attr_getstack=yes}
| 
| #gcc-zlib
| ac_cv_func_getpagesize=${ac_cv_func_getpagesize=yes}
| ac_cv_func_memcpy=${ac_cv_func_memcpy=yes}
| ac_cv_func_strerror=${ac_cv_func_strerror=yes}
| 
| # squid
| ac_cv_af_unix_large_dgram=${ac_cv_af_unix_large_dgram=yes}
| ac_cv_func_setresuid=${ac_cv_func_setresuid=yes}
| ac_cv_func_va_copy=${ac_cv_func_va_copy=yes}
| ac_cv_func___va_copy=${ac_cv_func___va_copy=yes}
| ac_cv_epoll_works=${ac_cv_epoll_works=yes}
| 
| ac_cv_check_sjlj=ssjlj
| 
| # m4
| gt_cv_locale_fr=${gt_cv_locale_fr=fr_FR}
| gl_cv_func_btowc_eof=${gl_cv_func_btowc_eof=yes}
| gl_cv_func_wcrtomb_retval=${gl_cv_func_wcrtomb_retval=yes}
| gl_cv_func_wctob_works=${gl_cv_func_wctob_works=yes}
| gl_cv_func_mbrtowc_incomplete_state=${gl_cv_func_mbrtowc_incomplete_state=yes}
| gl_cv_func_mbrtowc_sanitycheck=${gl_cv_func_mbrtowc_sanitycheck=yes}
| gl_cv_func_mbrtowc_null_arg=${gl_cv_func_mbrtowc_null_arg=yes}
| gl_cv_func_mbrtowc_retval=${gl_cv_func_mbrtowc_retval=yes}
| gl_cv_func_mbrtowc_nul_retval=${gl_cv_func_mbrtowc_nul_retval=yes}
| 
| # va_copy and _va_copy
| ac_cv_va_copy=${ac_cv_va_copy=yes}
| ac_cv___va_copy=${ac_cv___va_copy=yes}
| ac_cv_func_va_copy=${ac_cv_func_va_copy=yes}
| ac_cv_func___va_copy=${ac_cv_func___va_copy=yes}
| 
| # Xorg
| xorg_cv_malloc0_returns_null=${xorg_cv_malloc0_returns_null=yes}
| # libelf
| mr_cv_target_elf=${mr_cv_target_elf=yes}
| 
| # Normally kernels have /dev/random enabled
| ac_cv_file__dev_random=${ac_cv_file__dev_random=yes}
| 
| # Avoid sudo to assume void for unsetenv in cross environment, or else it conflicts with
| # target stdlib.h prototype which follows POSIX compiliance. Mark for upstream.
| sudo_cv_func_unsetenv_void=no
| 
| # shadow dir info, to avoid searching build system
| shadow_cv_maildir=${localstatedir}/spool/mail
| shadow_cv_mailfile=Mailbox
| shadow_cv_utmpdir=${localstatedir}/run
| shadow_cv_logdir=${localstatedir}/log
| shadow_cv_passwd_dir=${bindir}
| 
| # python: deactivate a runtime check for ipv6-support in python >=2.7.1 that fails when cross-compiling
| ac_cv_buggy_getaddrinfo=no
| 
| ac_cv_path_SED=${ac_cv_path_SED=sed}
| 
| # General
| ac_cv_have_decl_sys_siglist=${ac_cv_have_decl_sys_siglist=no}
| 
| # bash
| bash_cv_under_sys_siglist=${bash_cv_under_sys_siglist=no}
| bash_cv_sys_siglist=${bash_cv_sys_siglist=no}
| # rp-pppoe
| rpppoe_cv_pack_bitfields=${rpppoe_cv_pack_bitfields=rev}
| # ORBit2
| ac_cv_alignof_CORBA_boolean=1
| ac_cv_alignof_CORBA_char=1
| ac_cv_alignof_CORBA_double=8
| ac_cv_alignof_CORBA_float=4
| ac_cv_alignof_CORBA_long=4
| ac_cv_alignof_CORBA_long_double=8
| ac_cv_alignof_CORBA_long_long=8
| ac_cv_alignof_CORBA_octet=1
| ac_cv_alignof_CORBA_pointer=4
| ac_cv_alignof_CORBA_short=2
| ac_cv_alignof_CORBA_struct=1
| ac_cv_alignof_CORBA_wchar=2
configure:2259: checking build system type
configure:2273: result: x86_64-pc-linux-gnu
configure:2293: checking host system type
configure:2306: result: aarch64-poky-linux-gnu
configure:2326: checking target system type
configure:2339: result: aarch64-poky-linux-gnu
configure:2383: checking for a BSD-compatible install
configure:2451: result: /usr/bin/install -c
configure:2462: checking whether build environment is sane
configure:2477: result: yes
configure:2527: checking for aarch64-poky-linux-strip
configure:2554: result: aarch64-poky-linux-strip
configure:2619: checking for a thread-safe mkdir -p
configure:2658: result: /usr/bin/mkdir -p
configure:2665: checking for gawk
configure:2695: result: no
configure:2665: checking for mawk
configure:2681: found /usr/bin/mawk
configure:2692: result: mawk
configure:2703: checking whether make sets $(MAKE)
configure:2725: result: yes
configure:2754: checking whether make supports nested variables
configure:2771: result: yes
configure:2944: checking how to print strings
configure:2971: result: printf
configure:2996: checking whether make supports the include directive
configure:3011: make -f confmf.GNU && cat confinc.out
make[1]: Entering directory '/home/chchen59/ma35d1_sip_phone/WebRTC_AEC'
make[1]: Leaving directory '/home/chchen59/ma35d1_sip_phone/WebRTC_AEC'
this is the am__doit target
configure:3014: $? = 0
configure:3033: result: yes (GNU style)
configure:3063: checking for aarch64-poky-linux-gcc
configure:3090: result: aarch64-poky-linux-gcc  -mcpu=cortex-a35+crc --sysroot=/usr/local/oecore-x86_64/sysroots/aarch64-poky-linux
configure:3359: checking for C compiler version
configure:3368: aarch64-poky-linux-gcc  -mcpu=cortex-a35+crc --sysroot=/usr/local/oecore-x86_64/sysroots/aarch64-poky-linux --version >&5
aarch64-poky-linux-gcc (GCC) 9.3.0
Copyright (C) 2019 Free Software Foundation, Inc.
This is free software; see the source for copying conditions.  There is NO
warranty; not even for MERCHANTABILITY or FITNESS FOR A PARTICULAR PURPOSE.

configure:3379: $? = 0
configure:3368: aarch64-poky-linux-gcc  -mcpu=cortex-a35+crc --sysroot=/usr/local/oecore-x86_64/sysroots/aarch64-poky-linux -v >&5
Using built-in specs.
COLLECT_GCC=aarch64-poky-linux-gcc
COLLECT_LTO_WRAPPER=/usr/local/oecore-x86_64/sysroots/x86_64-pokysdk-linux/usr/libexec/aarch64-poky-linux/gcc/aarch64-poky-linux/9.3.0/lto-wrapper
Target: aarch64-poky-linux
Configured with: ../../../../../../work-shared/gcc-9.3.0-r0/gcc-9.3.0/configure --build=x86_64-linux --host=x86_64-pokysdk-linux --target=aarch64-poky-linux --prefix=/usr/local/oecore-x86_64/sysroots/x86_64-pokysdk-linux/usr --exec_prefix=/usr/local/oecore-x86_64/sysroots/x86_64-pokysdk-linux/usr --bindir=/usr/local/oecore-x86_64/sysroots/x86_64-pokysdk-linux/usr/bin/aarch64-poky-linux --sbindir=/usr/local/oecore-x86_64/sysroots/x86_64-pokysdk-linux/usr/bin/aarch64-poky-linux --libexecdir=/usr/local/oecore-x86_64/sysroots/x86_64-pokysdk-linux/usr/libexec/aarch64-poky-linux --datadir=/usr/local/oecore-x86_64/sysroots/x86_64-pokysdk-linux/usr/share --sysconfdir=/usr/local/oecore-x86_64/sysroots/x86_64-pokysdk-linux/etc --sharedstatedir=/usr/local/oecore-x86_64/sysroots/x86_64-pokysdk-linux/com --localstatedir=/usr/local/oecore-x86_64/sysroots/x86_64-pokysdk-linux/var --libdir=/usr/local/oecore-x86_64/sysroots/x86_64-pokysdk-linux/usr/lib/aarch64-poky-linux --includedir=/usr/local/oecore-x86_64/sysroots/x86_64-pokysdk-linux/usr/include --oldincludedir=/usr/local/oecore-x86_64/sysroots/x86_64-pokysdk-linux/usr/include --infodir=/usr/local/oecore-x86_64/sysroots/x86_64-pokysdk-linux/usr/share/info --mandir=/usr/local/oecore-x86_64/sysroots/x86_64-pokysdk-linux/usr/share/man --disable-silent-rules --disable-dependency-tracking --with-libtool-sysroot=/home/chchen59/ma35d1/build/tmp-glibc/work/x86_64-nativesdk-pokysdk-linux/gcc-cross-canadian-aarch64/9.3.0-r0/recipe-sysroot --with-gnu-ld --enable-shared --enable-languages=c,c++ --enable-threads=posix --enable-multilib --enable-c99 --enable-long-long --enable-symvers=gnu --enable-libstdcxx-pch --program-prefix=aarch64-poky-linux- --without-local-prefix --disable-install-libiberty --enable-lto --disable-libssp --enable-libitm --disable-bootstrap --disable-libmudflap --with-system-zlib --with-linker-hash-style=gnu --enable-linker-build-id --with-ppl=no --with-cloog=no --enable-checking=release --enable-cheaders=c_global --without-isl --with-gxx-include-dir=/not/exist/usr/include/c++/9.3.0 --with-build-time-tools=/home/chchen59/ma35d1/build/tmp-glibc/work/x86_64-nativesdk-pokysdk-linux/gcc-cross-canadian-aarch64/9.3.0-r0/recipe-sysroot-native/usr/aarch64-poky-linux/bin --with-sysroot=/not/exist --with-build-sysroot=/home/chchen59/ma35d1/build/tmp-glibc/work/x86_64-nativesdk-pokysdk-linux/gcc-cross-canadian-aarch64/9.3.0-r0/recipe-sysroot --enable-poison-system-directories --enable-nls --with-glibc-version=2.28 --enable-initfini-array --enable-__cxa_atexit
Thread model: posix
gcc version 9.3.0 (GCC) 
configure:3379: $? = 0
configure:3368: aarch64-poky-linux-gcc  -mcpu=cortex-a35+crc --sysroot=/usr/local/oecore-x86_64/sysroots/aarch64-poky-linux -V >&5
aarch64-poky-linux-gcc: error: unrecognized command line option '-V'
aarch64-poky-linux-gcc: fatal error: no input files
compilation terminated.
configure:3379: $? = 1
configure:3368: aarch64-poky-linux-gcc  -mcpu=cortex-a35+crc --sysroot=/usr/local/oecore-x86_64/sysroots/aarch64-poky-linux -qversion >&5
aarch64-poky-linux-gcc: error: unrecognized command line option '-qversion'; did you mean '--version'?
aarch64-poky-linux-gcc: fatal error: no input files
compilation terminated.
configure:3379: $? = 1
configure:3399: checking whether the C compiler works
configure:3421: aarch64-poky-linux-gcc  -mcpu=cortex-a35+crc --sysroot=/usr/local/oecore-x86_64/sysroots/aarch64-poky-linux  -O2 -pipe -g -feliminate-unused-debug-types   -Wl,-O1 -Wl,--hash-style=gnu -Wl,--as-needed conftest.c  >&5
configure:3425: $? = 0
configure:3473: result: yes
configure:3476: checking for C compiler default output file name
configure:3478: result: a.out
configure:3484: checking for suffix of executables
configure:3491: aarch64-poky-linux-gcc  -mcpu=cortex-a35+crc --sysroot=/usr/local/oecore-x86_64/sysroots/aarch64-poky-linux -o conftest  -O2 -pipe -g -feliminate-unused-debug-types   -Wl,-O1 -Wl,--hash-style=gnu -Wl,--as-needed conftest.c  >&5
configure:3495: $? = 0
configure:3517: result: 
configure:3539: checking whether we are cross compiling
configure:3547: aarch64-poky-linux-gcc  -mcpu=cortex-a35+crc --sysroot=/usr/local/oecore-x86_64/sysroots/aarch64-poky-linux -o conftest  -O2 -pipe -g -feliminate-unused-debug-types   -Wl,-O1 -Wl,--hash-style=gnu -Wl,--as-needed conftest.c  >&5
configure:3551: $? = 0
configure:3558: ./conftest
./configure: line 3560: ./conftest: cannot execute binary file: Exec format error
configure:3562: $? = 126
configure:3550: result: yes
configure:3555: checking for suffix of object files
configure:3577: aarch64-poky-linux-gcc  -mcpu=cortex-a35+crc --sysroot=/usr/local/oecore-x86_64/sysroots/aarch64-poky-linux -c  -O2 -pipe -g -feliminate-unused-debug-types   conftest.c >&5
configure:3581: $? = 0
configure:3602: result: o
configure:3606: checking whether we are using the GNU C compiler
configure:3625: aarch64-poky-linux-gcc  -mcpu=cortex-a35+crc --sysroot=/usr/local/oecore-x86_64/sysroots/aarch64-poky-linux -c  -O2 -pipe -g -feliminate-unused-debug-types   conftest.c >&5
configure:3625: $? = 0
configure:3634: result: yes
configure:3643: checking whether aarch64-poky-linux-gcc  -mcpu=cortex-a35+crc --sysroot=/usr/local/oecore-x86_64/sysroots/aarch64-poky-linux accepts -g
configure:3663: aarch64-poky-linux-gcc  -mcpu=cortex-a35+crc --sysroot=/usr/local/oecore-x86_64/sysroots/aarch64-poky-linux -c -g  conftest.c >&5
configure:3663: $? = 0
configure:3704: result: yes
configure:3721: checking for aarch64-poky-linux-gcc  -mcpu=cortex-a35+crc --sysroot=/usr/local/oecore-x86_64/sysroots/aarch64-poky-linux option to accept ISO C89
configure:3784: aarch64-poky-linux-gcc  -mcpu=cortex-a35+crc --sysroot=/usr/local/oecore-x86_64/sysroots/aarch64-poky-linux  -c  -O2 -pipe -g -feliminate-unused-debug-types   conftest.c >&5
configure:3784: $? = 0
configure:3797: result: none needed
configure:3822: checking whether aarch64-poky-linux-gcc  -mcpu=cortex-a35+crc --sysroot=/usr/local/oecore-x86_64/sysroots/aarch64-poky-linux understands -c and -o together
configure:3844: aarch64-poky-linux-gcc  -mcpu=cortex-a35+crc --sysroot=/usr/local/oecore-x86_64/sysroots/aarch64-poky-linux -c conftest.c -o conftest2.o
configure:3847: $? = 0
configure:3844: aarch64-poky-linux-gcc  -mcpu=cortex-a35+crc --sysroot=/usr/local/oecore-x86_64/sysroots/aarch64-poky-linux -c conftest.c -o conftest2.o
configure:3847: $? = 0
configure:3859: result: yes
configure:3878: checking dependency style of aarch64-poky-linux-gcc  -mcpu=cortex-a35+crc --sysroot=/usr/local/oecore-x86_64/sysroots/aarch64-poky-linux
configure:3989: result: gcc3
configure:4004: checking for a sed that does not truncate output
configure:4068: result: sed
configure:4086: checking for grep that handles long lines and -e
configure:4144: result: /usr/bin/grep
configure:4149: checking for egrep
configure:4211: result: /usr/bin/grep -E
configure:4216: checking for fgrep
configure:4278: result: /usr/bin/grep -F
configure:4313: checking for ld used by aarch64-poky-linux-gcc  -mcpu=cortex-a35+crc --sysroot=/usr/local/oecore-x86_64/sysroots/aarch64-poky-linux
configure:4380: result: aarch64-poky-linux-ld  --sysroot=/usr/local/oecore-x86_64/sysroots/aarch64-poky-linux
configure:4387: checking if the linker (aarch64-poky-linux-ld  --sysroot=/usr/local/oecore-x86_64/sysroots/aarch64-poky-linux) is GNU ld
configure:4402: result: yes
configure:4414: checking for BSD- or MS-compatible name lister (nm)
configure:4468: result: aarch64-poky-linux-nm
configure:4598: checking the name lister (aarch64-poky-linux-nm) interface
configure:4605: aarch64-poky-linux-gcc  -mcpu=cortex-a35+crc --sysroot=/usr/local/oecore-x86_64/sysroots/aarch64-poky-linux -c  -O2 -pipe -g -feliminate-unused-debug-types   conftest.c >&5
configure:4608: aarch64-poky-linux-nm "conftest.o"
configure:4611: output
0000000000000000 B some_variable
configure:4612: result: BSD nm
configure:4615: checking whether ln -s works
configure:4619: result: yes
configure:4627: checking the maximum length of command line arguments
configure:4758: result: 1572864
configure:4806: checking how to convert x86_64-pc-linux-gnu file names to aarch64-poky-linux-gnu format
configure:4846: result: func_convert_file_noop
configure:4853: checking how to convert x86_64-pc-linux-gnu file names to toolchain format
configure:4873: result: func_convert_file_noop
configure:4880: checking for aarch64-poky-linux-ld  --sysroot=/usr/local/oecore-x86_64/sysroots/aarch64-poky-linux option to reload object files
configure:4887: result: -r
configure:4921: checking for aarch64-poky-linux-objdump
configure:4948: result: aarch64-poky-linux-objdump
configure:5020: checking how to recognize dependent libraries
configure:5220: result: pass_all
configure:5265: checking for aarch64-poky-linux-dlltool
configure:5295: result: no
configure:5305: checking for dlltool
configure:5335: result: no
configure:5365: checking how to associate runtime and link libraries
configure:5392: result: printf %s\n
configure:5409: checking for aarch64-poky-linux-ar
configure:5436: result: aarch64-poky-linux-ar
configure:5517: checking for archiver @FILE support
configure:5534: aarch64-poky-linux-gcc  -mcpu=cortex-a35+crc --sysroot=/usr/local/oecore-x86_64/sysroots/aarch64-poky-linux -c  -O2 -pipe -g -feliminate-unused-debug-types   conftest.c >&5
configure:5534: $? = 0
configure:5537: aarch64-poky-linux-ar cru libconftest.a @conftest.lst >&5
aarch64-poky-linux-ar: `u' modifier ignored since `D' is the default (see `U')
configure:5540: $? = 0
configure:5545: aarch64-poky-linux-ar cru libconftest.a @conftest.lst >&5
aarch64-poky-linux-ar: `u' modifier ignored since `D' is the default (see `U')
aarch64-poky-linux-ar: conftest.o: No such file or directory
configure:5548: $? = 1
configure:5547: result: @
configure:5565: checking for aarch64-poky-linux-strip
configure:5592: result: aarch64-poky-linux-strip
configure:5664: checking for aarch64-poky-linux-ranlib
configure:5691: result: aarch64-poky-linux-ranlib
configure:5833: checking command to parse aarch64-poky-linux-nm output from aarch64-poky-linux-gcc  -mcpu=cortex-a35+crc --sysroot=/usr/local/oecore-x86_64/sysroots/aarch64-poky-linux object
configure:5986: aarch64-poky-linux-gcc  -mcpu=cortex-a35+crc --sysroot=/usr/local/oecore-x86_64/sysroots/aarch64-poky-linux -c  -O2 -pipe -g -feliminate-unused-debug-types   conftest.c >&5
configure:5989: $? = 0
configure:5993: aarch64-poky-linux-nm conftest.o \| sed -n -e 's/^.*[ ]\([ABCDGIRSTW][ABCDGIRSTW]*\)[ ][ ]*\([_A-Za-z][_A-Za-z0-9]*\)$/\1 \2 \2/p' | sed '/ __gnu_lto/d' \> conftest.nm
configure:5996: $? = 0
configure:6062: aarch64-poky-linux-gcc  -mcpu=cortex-a35+crc --sysroot=/usr/local/oecore-x86_64/sysroots/aarch64-poky-linux -o conftest  -O2 -pipe -g -feliminate-unused-debug-types   -Wl,-O1 -Wl,--hash-style=gnu -Wl,--as-needed conftest.c conftstm.o >&5
configure:6065: $? = 0
configure:6103: result: ok
configure:6150: checking for sysroot
configure:6185: result: /usr/local/oecore-x86_64/sysroots/aarch64-poky-linux
configure:6192: checking for a working dd
configure:6230: result: /usr/bin/dd
configure:6234: checking how to truncate binary pipes
configure:6249: result: /usr/bin/dd bs=4096 count=1
configure:6538: checking for aarch64-poky-linux-mt
configure:6568: result: no
configure:6578: checking for mt
configure:6594: found /usr/bin/mt
configure:6605: result: mt
configure:6617: WARNING: using cross tools not prefixed with host triplet
configure:6628: checking if mt is a manifest tool
configure:6634: mt '-?'
configure:6642: result: no
configure:7319: checking how to run the C preprocessor
configure:7389: result: aarch64-poky-linux-gcc -E  -mcpu=cortex-a35+crc --sysroot=/usr/local/oecore-x86_64/sysroots/aarch64-poky-linux
configure:7409: aarch64-poky-linux-gcc -E  -mcpu=cortex-a35+crc --sysroot=/usr/local/oecore-x86_64/sysroots/aarch64-poky-linux  conftest.c
configure:7409: $? = 0
configure:7423: aarch64-poky-linux-gcc -E  -mcpu=cortex-a35+crc --sysroot=/usr/local/oecore-x86_64/sysroots/aarch64-poky-linux  conftest.c
conftest.c:11:10: fatal error: ac_nonexistent.h: No such file or directory
   11 | #include <ac_nonexistent.h>
      |          ^~~~~~~~~~~~~~~~~~
compilation terminated.
configure:7423: $? = 1
configure: failed program was:
| /* confdefs.h */
| #define PACKAGE_NAME "WebRTC_AEC"
| #define PACKAGE_TARNAME "webrtc_aec"
| #define PACKAGE_VERSION "1.0"
| #define PACKAGE_STRING "WebRTC_AEC 1.0"
| #define PACKAGE_BUGREPORT ""
| #define PACKAGE_URL ""
| #define PACKAGE "webrtc_aec"
| #define VERSION "1.0"
| /* end confdefs.h.  */
| #include <ac_nonexistent.h>
configure:7452: checking for ANSI C header files
configure:7472: aarch64-poky-linux-gcc  -mcpu=cortex-a35+crc --sysroot=/usr/local/oecore-x86_64/sysroots/aarch64-poky-linux -c  -O2 -pipe -g -feliminate-unused-debug-types   conftest.c >&5
configure:7472: $? = 0
configure:7556: result: yes
configure:7569: checking for sys/types.h
configure:7569: aarch64-poky-linux-gcc  -mcpu=cortex-a35+crc --sysroot=/usr/local/oecore-x86_64/sysroots/aarch64-poky-linux -c  -O2 -pipe -g -feliminate-unused-debug-types   conftest.c >&5
configure:7569: $? = 0
configure:7569: result: yes
configure:7569: checking for sys/stat.h
configure:7569: aarch64-poky-linux-gcc  -mcpu=cortex-a35+crc --sysroot=/usr/local/oecore-x86_64/sysroots/aarch64-poky-linux -c  -O2 -pipe -g -feliminate-unused-debug-types   conftest.c >&5
configure:7569: $? = 0
configure:7569: result: yes
configure:7569: checking for stdlib.h
configure:7569: aarch64-poky-linux-gcc  -mcpu=cortex-a35+crc --sysroot=/usr/local/oecore-x86_64/sysroots/aarch64-poky-linux -c  -O2 -pipe -g -feliminate-unused-debug-types   conftest.c >&5
configure:7569: $? = 0
configure:7569: result: yes
configure:7569: checking for string.h
configure:7569: aarch64-poky-linux-gcc  -mcpu=cortex-a35+crc --sysroot=/usr/local/oecore-x86_64/sysroots/aarch64-poky-linux -c  -O2 -pipe -g -feliminate-unused-debug-types   conftest.c >&5
configure:7569: $? = 0
configure:7569: result: yes
configure:7569: checking for memory.h
configure:7569: aarch64-poky-linux-gcc  -mcpu=cortex-a35+crc --sysroot=/usr/local/oecore-x86_64/sysroots/aarch64-poky-linux -c  -O2 -pipe -g -feliminate-unused-debug-types   conftest.c >&5
configure:7569: $? = 0
configure:7569: result: yes
configure:7569: checking for strings.h
configure:7569: aarch64-poky-linux-gcc  -mcpu=cortex-a35+crc --sysroot=/usr/local/oecore-x86_64/sysroots/aarch64-poky-linux -c  -O2 -pipe -g -feliminate-unused-debug-types   conftest.c >&5
configure:7569: $? = 0
configure:7569: result: yes
configure:7569: checking for inttypes.h
configure:7569: aarch64-poky-linux-gcc  -mcpu=cortex-a35+crc --sysroot=/usr/local/oecore-x86_64/sysroots/aarch64-poky-linux -c  -O2 -pipe -g -feliminate-unused-debug-types   conftest.c >&5
configure:7569: $? = 0
configure:7569: result: yes
configure:7569: checking for stdint.h
configure:7569: aarch64-poky-linux-gcc  -mcpu=cortex-a35+crc --sysroot=/usr/local/oecore-x86_64/sysroots/aarch64-poky-linux -c  -O2 -pipe -g -feliminate-unused-debug-types   conftest.c >&5
configure:7569: $? = 0
configure:7569: result: yes
configure:7569: checking for unistd.h
configure:7569: aarch64-poky-linux-gcc  -mcpu=cortex-a35+crc --sysroot=/usr/local/oecore-x86_64/sysroots/aarch64-poky-linux -c  -O2 -pipe -g -feliminate-unused-debug-types   conftest.c >&5
configure:7569: $? = 0
configure:7569: result: yes
configure:7583: checking for dlfcn.h
configure:7583: aarch64-poky-linux-gcc  -mcpu=cortex-a35+crc --sysroot=/usr/local/oecore-x86_64/sysroots/aarch64-poky-linux -c  -O2 -pipe -g -feliminate-unused-debug-types   conftest.c >&5
configure:7583: $? = 0
configure:7583: result: yes
configure:7840: checking for objdir
configure:7855: result: .libs
configure:8115: checking if aarch64-poky-linux-gcc  -mcpu=cortex-a35+crc --sysroot=/usr/local/oecore-x86_64/sysroots/aarch64-poky-linux supports -fno-rtti -fno-exceptions
configure:8133: aarch64-poky-linux-gcc  -mcpu=cortex-a35+crc --sysroot=/usr/local/oecore-x86_64/sysroots/aarch64-poky-linux -c  -O2 -pipe -g -feliminate-unused-debug-types   -fno-rtti -fno-exceptions conftest.c >&5
cc1: warning: command line option '-fno-rtti' is valid for C++/D/ObjC++ but not for C
configure:8137: $? = 0
configure:8150: result: no
configure:8508: checking for aarch64-poky-linux-gcc  -mcpu=cortex-a35+crc --sysroot=/usr/local/oecore-x86_64/sysroots/aarch64-poky-linux option to produce PIC
configure:8515: result: -fPIC -DPIC
configure:8523: checking if aarch64-poky-linux-gcc  -mcpu=cortex-a35+crc --sysroot=/usr/local/oecore-x86_64/sysroots/aarch64-poky-linux PIC flag -fPIC -DPIC works
configure:8541: aarch64-poky-linux-gcc  -mcpu=cortex-a35+crc --sysroot=/usr/local/oecore-x86_64/sysroots/aarch64-poky-linux -c  -O2 -pipe -g -feliminate-unused-debug-types   -fPIC -DPIC -DPIC conftest.c >&5
configure:8545: $? = 0
configure:8558: result: yes
configure:8587: checking if aarch64-poky-linux-gcc  -mcpu=cortex-a35+crc --sysroot=/usr/local/oecore-x86_64/sysroots/aarch64-poky-linux static flag -static works
configure:8615: result: no
configure:8630: checking if aarch64-poky-linux-gcc  -mcpu=cortex-a35+crc --sysroot=/usr/local/oecore-x86_64/sysroots/aarch64-poky-linux supports -c -o file.o
configure:8651: aarch64-poky-linux-gcc  -mcpu=cortex-a35+crc --sysroot=/usr/local/oecore-x86_64/sysroots/aarch64-poky-linux -c  -O2 -pipe -g -feliminate-unused-debug-types   -o out/conftest2.o conftest.c >&5
configure:8655: $? = 0
configure:8677: result: yes
configure:8685: checking if aarch64-poky-linux-gcc  -mcpu=cortex-a35+crc --sysroot=/usr/local/oecore-x86_64/sysroots/aarch64-poky-linux supports -c -o file.o
configure:8732: result: yes
configure:8765: checking whether the aarch64-poky-linux-gcc  -mcpu=cortex-a35+crc --sysroot=/usr/local/oecore-x86_64/sysroots/aarch64-poky-linux linker (aarch64-poky-linux-ld  --sysroot=/usr/local/oecore-x86_64/sysroots/aarch64-poky-linux) supports shared libraries
configure:10024: result: yes
configure:10061: checking whether -lc should be explicitly linked in
configure:10069: aarch64-poky-linux-gcc  -mcpu=cortex-a35+crc --sysroot=/usr/local/oecore-x86_64/sysroots/aarch64-poky-linux -c  -O2 -pipe -g -feliminate-unused-debug-types   conftest.c >&5
configure:10072: $? = 0
configure:10087: aarch64-poky-linux-gcc  -mcpu=cortex-a35+crc --sysroot=/usr/local/oecore-x86_64/sysroots/aarch64-poky-linux -shared  -fPIC -DPIC conftest.o  -v -Wl,-soname -Wl,conftest -o conftest 2\>\&1 \| /usr/bin/grep  -lc  \>/dev/null 2\>\&1
configure:10090: $? = 0
configure:10104: result: no
configure:10264: checking dynamic linker characteristics
configure:10845: aarch64-poky-linux-gcc  -mcpu=cortex-a35+crc --sysroot=/usr/local/oecore-x86_64/sysroots/aarch64-poky-linux -o conftest  -O2 -pipe -g -feliminate-unused-debug-types   -Wl,-O1 -Wl,--hash-style=gnu -Wl,--as-needed -Wl,-rpath -Wl,/foo conftest.c  >&5
configure:10845: $? = 0
configure:11082: result: GNU/Linux ld.so
configure:11204: checking how to hardcode library paths into programs
configure:11229: result: immediate
configure:11777: checking whether stripping libraries is possible
configure:11782: result: yes
configure:11817: checking if libtool supports shared libraries
configure:11819: result: yes
configure:11822: checking whether to build shared libraries
configure:11847: result: yes
configure:11850: checking whether to build static libraries
configure:11854: result: yes
configure:8693: checking dependency style of aarch64-poky-linux-gcc  -mcpu=cortex-a35+crc --sysroot=/usr/local/oecore-x86_64/sysroots/aarch64-poky-linux
configure:8802: result: gcc3
configure:8817: checking for inline
configure:8833: aarch64-poky-linux-gcc  -mcpu=cortex-a35+crc --sysroot=/usr/local/oecore-x86_64/sysroots/aarch64-poky-linux -c  -O2 -pipe -g -feliminate-unused-debug-types   conftest.c >&5
configure:8833: $? = 0
configure:8841: result: inline
configure:8867: checking for aarch64-poky-linux-gcc
configure:8894: result: aarch64-poky-linux-gcc  -mcpu=cortex-a35+crc --sysroot=/usr/local/oecore-x86_64/sysroots/aarch64-poky-linux
configure:9163: checking for C compiler version
configure:9172: aarch64-poky-linux-gcc  -mcpu=cortex-a35+crc --sysroot=/usr/local/oecore-x86_64/sysroots/aarch64-poky-linux --version >&5
aarch64-poky-linux-gcc (GCC) 9.3.0
Copyright (C) 2019 Free Software Foundation, Inc.
This is free software; see the source for copying conditions.  There is NO
warranty; not even for MERCHANTABILITY or FITNESS FOR A PARTICULAR PURPOSE.

configure:9183: $? = 0
configure:9172: aarch64-poky-linux-gcc  -mcpu=cortex-a35+crc --sysroot=/usr/local/oecore-x86_64/sysroots/aarch64-poky-linux -v >&5
Using built-in specs.
COLLECT_GCC=aarch64-poky-linux-gcc
COLLECT_LTO_WRAPPER=/usr/local/oecore-x86_64/sysroots/x86_64-pokysdk-linux/usr/libexec/aarch64-poky-linux/gcc/aarch64-poky-linux/9.3.0/lto-wrapper
Target: aarch64-poky-linux
Configured with: ../../../../../../work-shared/gcc-9.3.0-r0/gcc-9.3.0/configure --build=x86_64-linux --host=x86_64-pokysdk-linux --target=aarch64-poky-linux --prefix=/usr/local/oecore-x86_64/sysroots/x86_64-pokysdk-linux/usr --exec_prefix=/usr/local/oecore-x86_64/sysroots/x86_64-pokysdk-linux/usr --bindir=/usr/local/oecore-x86_64/sysroots/x86_64-pokysdk-linux/usr/bin/aarch64-poky-linux --sbindir=/usr/local/oecore-x86_64/sysroots/x86_64-pokysdk-linux/usr/bin/aarch64-poky-linux --libexecdir=/usr/local/oecore-x86_64/sysroots/x86_64-pokysdk-linux/usr/libexec/aarch64-poky-linux --datadir=/usr/local/oecore-x86_64/sysroots/x86_64-pokysdk-linux/usr/share --sysconfdir=/usr/local/oecore-x86_64/sysroots/x86_64-pokysdk-linux/etc --sharedstatedir=/usr/local/oecore-x86_64/sysroots/x86_64-pokysdk-linux/com --localstatedir=/usr/local/oecore-x86_64/sysroots/x86_64-pokysdk-linux/var --libdir=/usr/local/oecore-x86_64/sysroots/x86_64-pokysdk-linux/usr/lib/aarch64-poky-linux --includedir=/usr/local/oecore-x86_64/sysroots/x86_64-pokysdk-linux/usr/include --oldincludedir=/usr/local/oecore-x86_64/sysroots/x86_64-pokysdk-linux/usr/include --infodir=/usr/local/oecore-x86_64/sysroots/x86_64-pokysdk-linux/usr/share/info --mandir=/usr/local/oecore-x86_64/sysroots/x86_64-pokysdk-linux/usr/share/man --disable-silent-rules --disable-dependency-tracking --with-libtool-sysroot=/home/chchen59/ma35d1/build/tmp-glibc/work/x86_64-nativesdk-pokysdk-linux/gcc-cross-canadian-aarch64/9.3.0-r0/recipe-sysroot --with-gnu-ld --enable-shared --enable-languages=c,c++ --enable-threads=posix --enable-multilib --enable-c99 --enable-long-long --enable-symvers=gnu --enable-libstdcxx-pch --program-prefix=aarch64-poky-linux- --without-local-prefix --disable-install-libiberty --enable-lto --disable-libssp --enable-libitm --disable-bootstrap --disable-libmudflap --with-system-zlib --with-linker-hash-style=gnu --enable-linker-build-id --with-ppl=no --with-cloog=no --enable-checking=release --enable-cheaders=c_global --without-isl --with-gxx-include-dir=/not/exist/usr/include/c++/9.3.0 --with-build-time-tools=/home/chchen59/ma35d1/build/tmp-glibc/work/x86_64-nativesdk-pokysdk-linux/gcc-cross-canadian-aarch64/9.3.0-r0/recipe-sysroot-native/usr/aarch64-poky-linux/bin --with-sysroot=/not/exist --with-build-sysroot=/home/chchen59/ma35d1/build/tmp-glibc/work/x86_64-nativesdk-pokysdk-linux/gcc-cross-canadian-aarch64/9.3.0-r0/recipe-sysroot --enable-poison-system-directories --enable-nls --with-glibc-version=2.28 --enable-initfini-array --enable-__cxa_atexit
Thread model: posix
gcc version 9.3.0 (GCC) 
configure:9183: $? = 0
configure:9172: aarch64-poky-linux-gcc  -mcpu=cortex-a35+crc --sysroot=/usr/local/oecore-x86_64/sysroots/aarch64-poky-linux -V >&5
aarch64-poky-linux-gcc: error: unrecognized command line option '-V'
aarch64-poky-linux-gcc: fatal error: no input files
compilation terminated.
configure:9183: $? = 1
configure:9172: aarch64-poky-linux-gcc  -mcpu=cortex-a35+crc --sysroot=/usr/local/oecore-x86_64/sysroots/aarch64-poky-linux -qversion >&5
aarch64-poky-linux-gcc: error: unrecognized command line option '-qversion'; did you mean '--version'?
aarch64-poky-linux-gcc: fatal error: no input files
compilation terminated.
configure:9183: $? = 1
configure:9187: checking whether we are using the GNU C compiler
configure:9215: result: yes
configure:9224: checking whether aarch64-poky-linux-gcc  -mcpu=cortex-a35+crc --sysroot=/usr/local/oecore-x86_64/sysroots/aarch64-poky-linux accepts -g
configure:9285: result: yes
configure:9302: checking for aarch64-poky-linux-gcc  -mcpu=cortex-a35+crc --sysroot=/usr/local/oecore-x86_64/sysroots/aarch64-poky-linux option to accept ISO C89
configure:9378: result: none needed
configure:9403: checking whether aarch64-poky-linux-gcc  -mcpu=cortex-a35+crc --sysroot=/usr/local/oecore-x86_64/sysroots/aarch64-poky-linux understands -c and -o together
configure:9440: result: yes
configure:9459: checking dependency style of aarch64-poky-linux-gcc  -mcpu=cortex-a35+crc --sysroot=/usr/local/oecore-x86_64/sysroots/aarch64-poky-linux
configure:9570: result: gcc3
configure:9697: checking for C++ compiler version
configure:9706: aarch64-poky-linux-g++  -mcpu=cortex-a35+crc --sysroot=/usr/local/oecore-x86_64/sysroots/aarch64-poky-linux --version >&5
aarch64-poky-linux-g++ (GCC) 9.3.0
Copyright (C) 2019 Free Software Foundation, Inc.
This is free software; see the source for copying conditions.  There is NO
warranty; not even for MERCHANTABILITY or FITNESS FOR A PARTICULAR PURPOSE.

configure:9717: $? = 0
configure:9706: aarch64-poky-linux-g++  -mcpu=cortex-a35+crc --sysroot=/usr/local/oecore-x86_64/sysroots/aarch64-poky-linux -v >&5
Using built-in specs.
COLLECT_GCC=aarch64-poky-linux-g++
COLLECT_LTO_WRAPPER=/usr/local/oecore-x86_64/sysroots/x86_64-pokysdk-linux/usr/libexec/aarch64-poky-linux/gcc/aarch64-poky-linux/9.3.0/lto-wrapper
Target: aarch64-poky-linux
Configured with: ../../../../../../work-shared/gcc-9.3.0-r0/gcc-9.3.0/configure --build=x86_64-linux --host=x86_64-pokysdk-linux --target=aarch64-poky-linux --prefix=/usr/local/oecore-x86_64/sysroots/x86_64-pokysdk-linux/usr --exec_prefix=/usr/local/oecore-x86_64/sysroots/x86_64-pokysdk-linux/usr --bindir=/usr/local/oecore-x86_64/sysroots/x86_64-pokysdk-linux/usr/bin/aarch64-poky-linux --sbindir=/usr/local/oecore-x86_64/sysroots/x86_64-pokysdk-linux/usr/bin/aarch64-poky-linux --libexecdir=/usr/local/oecore-x86_64/sysroots/x86_64-pokysdk-linux/usr/libexec/aarch64-poky-linux --datadir=/usr/local/oecore-x86_64/sysroots/x86_64-pokysdk-linux/usr/share --sysconfdir=/usr/local/oecore-x86_64/sysroots/x86_64-pokysdk-linux/etc --sharedstatedir=/usr/local/oecore-x86_64/sysroots/x86_64-pokysdk-linux/com --localstatedir=/usr/local/oecore-x86_64/sysroots/x86_64-pokysdk-linux/var --libdir=/usr/local/oecore-x86_64/sysroots/x86_64-pokysdk-linux/usr/lib/aarch64-poky-linux --includedir=/usr/local/oecore-x86_64/sysroots/x86_64-pokysdk-linux/usr/include --oldincludedir=/usr/local/oecore-x86_64/sysroots/x86_64-pokysdk-linux/usr/include --infodir=/usr/local/oecore-x86_64/sysroots/x86_64-pokysdk-linux/usr/share/info --mandir=/usr/local/oecore-x86_64/sysroots/x86_64-pokysdk-linux/usr/share/man --disable-silent-rules --disable-dependency-tracking --with-libtool-sysroot=/home/chchen59/ma35d1/build/tmp-glibc/work/x86_64-nativesdk-pokysdk-linux/gcc-cross-canadian-aarch64/9.3.0-r0/recipe-sysroot --with-gnu-ld --enable-shared --enable-languages=c,c++ --enable-threads=posix --enable-multilib --enable-c99 --enable-long-long --enable-symvers=gnu --enable-libstdcxx-pch --program-prefix=aarch64-poky-linux- --without-local-prefix --disable-install-libiberty --enable-lto --disable-libssp --enable-libitm --disable-bootstrap --disable-libmudflap --with-system-zlib --with-linker-hash-style=gnu --enable-linker-build-id --with-ppl=no --with-cloog=no --enable-checking=release --enable-cheaders=c_global --without-isl --with-gxx-include-dir=/not/exist/usr/include/c++/9.3.0 --with-build-time-tools=/home/chchen59/ma35d1/build/tmp-glibc/work/x86_64-nativesdk-pokysdk-linux/gcc-cross-canadian-aarch64/9.3.0-r0/recipe-sysroot-native/usr/aarch64-poky-linux/bin --with-sysroot=/not/exist --with-build-sysroot=/home/chchen59/ma35d1/build/tmp-glibc/work/x86_64-nativesdk-pokysdk-linux/gcc-cross-canadian-aarch64/9.3.0-r0/recipe-sysroot --enable-poison-system-directories --enable-nls --with-glibc-version=2.28 --enable-initfini-array --enable-__cxa_atexit
Thread model: posix
gcc version 9.3.0 (GCC) 
configure:9717: $? = 0
configure:9706: aarch64-poky-linux-g++  -mcpu=cortex-a35+crc --sysroot=/usr/local/oecore-x86_64/sysroots/aarch64-poky-linux -V >&5
aarch64-poky-linux-g++: error: unrecognized command line option '-V'
aarch64-poky-linux-g++: fatal error: no input files
compilation terminated.
configure:9717: $? = 1
configure:9706: aarch64-poky-linux-g++  -mcpu=cortex-a35+crc --sysroot=/usr/local/oecore-x86_64/sysroots/aarch64-poky-linux -qversion >&5
aarch64-poky-linux-g++: error: unrecognized command line option '-qversion'; did you mean '--version'?
aarch64-poky-linux-g++: fatal error: no input files
compilation terminated.
configure:9717: $? = 1
configure:9721: checking whether we are using the GNU C++ compiler
configure:9740: aarch64-poky-linux-g++  -mcpu=cortex-a35+crc --sysroot=/usr/local/oecore-x86_64/sysroots/aarch64-poky-linux -c  -O2 -pipe -g -feliminate-unused-debug-types   conftest.cpp >&5
configure:9740: $? = 0
configure:9749: result: yes
configure:9758: checking whether aarch64-poky-linux-g++  -mcpu=cortex-a35+crc --sysroot=/usr/local/oecore-x86_64/sysroots/aarch64-poky-linux accepts -g
configure:9778: aarch64-poky-linux-g++  -mcpu=cortex-a35+crc --sysroot=/usr/local/oecore-x86_64/sysroots/aarch64-poky-linux -c -g  conftest.cpp >&5
configure:9778: $? = 0
configure:9819: result: yes
configure:9844: checking dependency style of aarch64-poky-linux-g++  -mcpu=cortex-a35+crc --sysroot=/usr/local/oecore-x86_64/sysroots/aarch64-poky-linux
configure:9955: result: gcc3
configure:9988: checking how to run the C++ preprocessor
configure:10015: aarch64-poky-linux-g++  -mcpu=cortex-a35+crc --sysroot=/usr/local/oecore-x86_64/sysroots/aarch64-poky-linux -E  conftest.cpp
configure:10015: $? = 0
configure:10029: aarch64-poky-linux-g++  -mcpu=cortex-a35+crc --sysroot=/usr/local/oecore-x86_64/sysroots/aarch64-poky-linux -E  conftest.cpp
conftest.cpp:23:10: fatal error: ac_nonexistent.h: No such file or directory
   23 | #include <ac_nonexistent.h>
      |          ^~~~~~~~~~~~~~~~~~
compilation terminated.
configure:10029: $? = 1
configure: failed program was:
| /* confdefs.h */
| #define PACKAGE_NAME "WebRTC_AEC"
| #define PACKAGE_TARNAME "webrtc_aec"
| #define PACKAGE_VERSION "1.0"
| #define PACKAGE_STRING "WebRTC_AEC 1.0"
| #define PACKAGE_BUGREPORT ""
| #define PACKAGE_URL ""
| #define PACKAGE "webrtc_aec"
| #define VERSION "1.0"
| #define STDC_HEADERS 1
| #define HAVE_SYS_TYPES_H 1
| #define HAVE_SYS_STAT_H 1
| #define HAVE_STDLIB_H 1
| #define HAVE_STRING_H 1
| #define HAVE_MEMORY_H 1
| #define HAVE_STRINGS_H 1
| #define HAVE_INTTYPES_H 1
| #define HAVE_STDINT_H 1
| #define HAVE_UNISTD_H 1
| #define HAVE_DLFCN_H 1
| #define LT_OBJDIR ".libs/"
| /* end confdefs.h.  */
| #include <ac_nonexistent.h>
configure:10054: result: aarch64-poky-linux-g++  -mcpu=cortex-a35+crc --sysroot=/usr/local/oecore-x86_64/sysroots/aarch64-poky-linux -E
configure:10074: aarch64-poky-linux-g++  -mcpu=cortex-a35+crc --sysroot=/usr/local/oecore-x86_64/sysroots/aarch64-poky-linux -E  conftest.cpp
configure:10074: $? = 0
configure:10088: aarch64-poky-linux-g++  -mcpu=cortex-a35+crc --sysroot=/usr/local/oecore-x86_64/sysroots/aarch64-poky-linux -E  conftest.cpp
conftest.cpp:23:10: fatal error: ac_nonexistent.h: No such file or directory
   23 | #include <ac_nonexistent.h>
      |          ^~~~~~~~~~~~~~~~~~
compilation terminated.
configure:10088: $? = 1
configure: failed program was:
| /* confdefs.h */
| #define PACKAGE_NAME "WebRTC_AEC"
| #define PACKAGE_TARNAME "webrtc_aec"
| #define PACKAGE_VERSION "1.0"
| #define PACKAGE_STRING "WebRTC_AEC 1.0"
| #define PACKAGE_BUGREPORT ""
| #define PACKAGE_URL ""
| #define PACKAGE "webrtc_aec"
| #define VERSION "1.0"
| #define STDC_HEADERS 1
| #define HAVE_SYS_TYPES_H 1
| #define HAVE_SYS_STAT_H 1
| #define HAVE_STDLIB_H 1
| #define HAVE_STRING_H 1
| #define HAVE_MEMORY_H 1
| #define HAVE_STRINGS_H 1
| #define HAVE_INTTYPES_H 1
| #define HAVE_STDINT_H 1
| #define HAVE_UNISTD_H 1
| #define HAVE_DLFCN_H 1
| #define LT_OBJDIR ".libs/"
| /* end confdefs.h.  */
| #include <ac_nonexistent.h>
configure:10250: checking for ld used by aarch64-poky-linux-g++  -mcpu=cortex-a35+crc --sysroot=/usr/local/oecore-x86_64/sysroots/aarch64-poky-linux
configure:10317: result: aarch64-poky-linux-ld  --sysroot=/usr/local/oecore-x86_64/sysroots/aarch64-poky-linux
configure:10324: checking if the linker (aarch64-poky-linux-ld  --sysroot=/usr/local/oecore-x86_64/sysroots/aarch64-poky-linux) is GNU ld
configure:10339: result: yes
configure:10394: checking whether the aarch64-poky-linux-g++  -mcpu=cortex-a35+crc --sysroot=/usr/local/oecore-x86_64/sysroots/aarch64-poky-linux linker (aarch64-poky-linux-ld  --sysroot=/usr/local/oecore-x86_64/sysroots/aarch64-poky-linux) supports shared libraries
configure:11467: result: yes
configure:11503: aarch64-poky-linux-g++  -mcpu=cortex-a35+crc --sysroot=/usr/local/oecore-x86_64/sysroots/aarch64-poky-linux -c  -O2 -pipe -g -feliminate-unused-debug-types   conftest.cpp >&5
configure:11506: $? = 0
configure:11987: checking for aarch64-poky-linux-g++  -mcpu=cortex-a35+crc --sysroot=/usr/local/oecore-x86_64/sysroots/aarch64-poky-linux option to produce PIC
configure:11994: result: -fPIC -DPIC
configure:12002: checking if aarch64-poky-linux-g++  -mcpu=cortex-a35+crc --sysroot=/usr/local/oecore-x86_64/sysroots/aarch64-poky-linux PIC flag -fPIC -DPIC works
configure:12020: aarch64-poky-linux-g++  -mcpu=cortex-a35+crc --sysroot=/usr/local/oecore-x86_64/sysroots/aarch64-poky-linux -c  -O2 -pipe -g -feliminate-unused-debug-types   -fPIC -DPIC -DPIC conftest.cpp >&5
configure:12024: $? = 0
configure:12037: result: yes
configure:12060: checking if aarch64-poky-linux-g++  -mcpu=cortex-a35+crc --sysroot=/usr/local/oecore-x86_64/sysroots/aarch64-poky-linux static flag -static works
configure:12088: result: no
configure:12100: checking if aarch64-poky-linux-g++  -mcpu=cortex-a35+crc --sysroot=/usr/local/oecore-x86_64/sysroots/aarch64-poky-linux supports -c -o file.o
configure:12121: aarch64-poky-linux-g++  -mcpu=cortex-a35+crc --sysroot=/usr/local/oecore-x86_64/sysroots/aarch64-poky-linux -c  -O2 -pipe -g -feliminate-unused-debug-types   -o out/conftest2.o conftest.cpp >&5
configure:12125: $? = 0
configure:12147: result: yes
configure:12152: checking if aarch64-poky-linux-g++  -mcpu=cortex-a35+crc --sysroot=/usr/local/oecore-x86_64/sysroots/aarch64-poky-linux supports -c -o file.o
configure:12199: result: yes
configure:12229: checking whether the aarch64-poky-linux-g++  -mcpu=cortex-a35+crc --sysroot=/usr/local/oecore-x86_64/sysroots/aarch64-poky-linux linker (aarch64-poky-linux-ld  --sysroot=/usr/local/oecore-x86_64/sysroots/aarch64-poky-linux) supports shared libraries
configure:12269: result: yes
configure:12410: checking dynamic linker characteristics
configure:13155: result: GNU/Linux ld.so
configure:13220: checking how to hardcode library paths into programs
configure:13245: result: immediate
configure:12305: creating ./config.status

## ---------------- ##
## Cache variables. ##
## ---------------- ##

ac_cv___va_copy=yes
ac_cv_af_unix_large_dgram=yes
ac_cv_alignof_CORBA_boolean=1
ac_cv_alignof_CORBA_char=1
ac_cv_alignof_CORBA_double=8
ac_cv_alignof_CORBA_float=4
ac_cv_alignof_CORBA_long=4
ac_cv_alignof_CORBA_long_double=8
ac_cv_alignof_CORBA_long_long=8
ac_cv_alignof_CORBA_octet=1
ac_cv_alignof_CORBA_pointer=4
ac_cv_alignof_CORBA_short=2
ac_cv_alignof_CORBA_struct=1
ac_cv_alignof_CORBA_wchar=2
ac_cv_alignof_char=1
ac_cv_alignof_dbind_pointer=8
ac_cv_alignof_dbind_struct=1
ac_cv_alignof_dbus_bool_t=4
ac_cv_alignof_dbus_int16_t=2
ac_cv_alignof_dbus_int32_t=4
ac_cv_alignof_dbus_int64_t=8
ac_cv_alignof_double=8
ac_cv_alignof_guint32=4
ac_cv_alignof_guint64=8
ac_cv_alignof_unsigned_long=8
ac_cv_buggy_getaddrinfo=no
ac_cv_build=x86_64-pc-linux-gnu
ac_cv_c_bigendian=no
ac_cv_c_compiler_gnu=yes
ac_cv_c_endian=little
ac_cv_c_inline=inline
ac_cv_c_littleendian=yes
ac_cv_c_long_double=yes
ac_cv_check_sjlj=ssjlj
ac_cv_conv_longlong_to_float=yes
ac_cv_cxx_compiler_gnu=yes
ac_cv_dirent_have_space_d_name=yes
ac_cv_env_CCASFLAGS_set=
ac_cv_env_CCASFLAGS_value=
ac_cv_env_CCAS_set=
ac_cv_env_CCAS_value=
ac_cv_env_CCC_set=
ac_cv_env_CCC_value=
ac_cv_env_CC_set=set
ac_cv_env_CC_value='aarch64-poky-linux-gcc  -mcpu=cortex-a35+crc --sysroot=/usr/local/oecore-x86_64/sysroots/aarch64-poky-linux'
ac_cv_env_CFLAGS_set=set
ac_cv_env_CFLAGS_value=' -O2 -pipe -g -feliminate-unused-debug-types '
ac_cv_env_CPPFLAGS_set=set
ac_cv_env_CPPFLAGS_value=
ac_cv_env_CPP_set=set
ac_cv_env_CPP_value='aarch64-poky-linux-gcc -E  -mcpu=cortex-a35+crc --sysroot=/usr/local/oecore-x86_64/sysroots/aarch64-poky-linux'
ac_cv_env_CXXCPP_set=
ac_cv_env_CXXCPP_value=
ac_cv_env_CXXFLAGS_set=set
ac_cv_env_CXXFLAGS_value=' -O2 -pipe -g -feliminate-unused-debug-types '
ac_cv_env_CXX_set=set
ac_cv_env_CXX_value='aarch64-poky-linux-g++  -mcpu=cortex-a35+crc --sysroot=/usr/local/oecore-x86_64/sysroots/aarch64-poky-linux'
ac_cv_env_LDFLAGS_set=set
ac_cv_env_LDFLAGS_value='-Wl,-O1 -Wl,--hash-style=gnu -Wl,--as-needed'
ac_cv_env_LIBS_set=
ac_cv_env_LIBS_value=
ac_cv_env_LT_SYS_LIBRARY_PATH_set=
ac_cv_env_LT_SYS_LIBRARY_PATH_value=
ac_cv_env_build_alias_set=
ac_cv_env_build_alias_value=
ac_cv_env_host_alias_set=set
ac_cv_env_host_alias_value=aarch64-poky-linux
ac_cv_env_target_alias_set=
ac_cv_env_target_alias_value=
ac_cv_epoll_works=yes
ac_cv_file__dev_random=yes
ac_cv_file__dev_zero=yes
ac_cv_func___va_copy=yes
ac_cv_func_calloc_0_nonnull=yes
ac_cv_func_chown_works=yes
ac_cv_func_fnmatch_works=yes
ac_cv_func_getaddrinfo=yes
ac_cv_func_getgrgid_r=yes
ac_cv_func_getgroups_works=yes
ac_cv_func_getpagesize=yes
ac_cv_func_getpgrp_void=yes
ac_cv_func_getpwuid_r=yes
ac_cv_func_lstat_dereferences_slashed_symlink=yes
ac_cv_func_lstat_empty_string_bug=no
ac_cv_func_malloc_0_nonnull=yes
ac_cv_func_malloc_works=yes
ac_cv_func_memcmp_working=yes
ac_cv_func_memcpy=yes
ac_cv_func_mmap_fixed_mapped=yes
ac_cv_func_posix_getgrgid_r=yes
ac_cv_func_posix_getpwnam_r=yes
ac_cv_func_posix_getpwuid_r=yes
ac_cv_func_printf_unix98=yes
ac_cv_func_pthread_attr_getstack=yes
ac_cv_func_pthread_key_delete=yes
ac_cv_func_realloc_0_nonnull=yes
ac_cv_func_realloc_works=yes
ac_cv_func_setgrent_void=yes
ac_cv_func_setpgrp_void=yes
ac_cv_func_setresuid=yes
ac_cv_func_snprintf_c99=yes
ac_cv_func_stat_empty_string_bug=no
ac_cv_func_stat_ignores_trailing_slash=no
ac_cv_func_strerror=yes
ac_cv_func_strtod=yes
ac_cv_func_utime_null=yes
ac_cv_func_va_copy=yes
ac_cv_func_vsnprintf_c99=yes
ac_cv_have_abstract_sockets=yes
ac_cv_have_accrights_in_msghdr=no
ac_cv_have_broken_snprintf=no
ac_cv_have_control_in_msghdr=yes
ac_cv_have_decl_sys_siglist=no
ac_cv_have_long_long_format=yes
ac_cv_have_openpty_ctty_bug=yes
ac_cv_have_space_d_name_in_struct_dirent=yes
ac_cv_header_dlfcn_h=yes
ac_cv_header_inttypes_h=yes
ac_cv_header_memory_h=yes
ac_cv_header_stdc=yes
ac_cv_header_stdint_h=yes
ac_cv_header_stdlib_h=yes
ac_cv_header_string_h=yes
ac_cv_header_strings_h=yes
ac_cv_header_sys_stat_h=yes
ac_cv_header_sys_types_h=yes
ac_cv_header_unistd_h=yes
ac_cv_host=aarch64-poky-linux-gnu
ac_cv_ispeed_offset=13
ac_cv_lib_png_png_create_info_struct=yes
ac_cv_libiconv_utf8=yes
ac_cv_libnet_endianess=lil
ac_cv_linux_vers=2
ac_cv_need_trio=no
ac_cv_o_nonblock_inherited=no
ac_cv_objext=o
ac_cv_path_EGREP='/usr/bin/grep -E'
ac_cv_path_FGREP='/usr/bin/grep -F'
ac_cv_path_GREP=/usr/bin/grep
ac_cv_path_SED=sed
ac_cv_path_install='/usr/bin/install -c'
ac_cv_path_lt_DD=/usr/bin/dd
ac_cv_path_mkdir=/usr/bin/mkdir
ac_cv_pread=no
ac_cv_prog_AR=aarch64-poky-linux-ar
ac_cv_prog_AWK=mawk
ac_cv_prog_CC='aarch64-poky-linux-gcc  -mcpu=cortex-a35+crc --sysroot=/usr/local/oecore-x86_64/sysroots/aarch64-poky-linux'
ac_cv_prog_CPP='aarch64-poky-linux-gcc -E  -mcpu=cortex-a35+crc --sysroot=/usr/local/oecore-x86_64/sysroots/aarch64-poky-linux'
ac_cv_prog_CXXCPP='aarch64-poky-linux-g++  -mcpu=cortex-a35+crc --sysroot=/usr/local/oecore-x86_64/sysroots/aarch64-poky-linux -E'
ac_cv_prog_OBJDUMP=aarch64-poky-linux-objdump
ac_cv_prog_RANLIB=aarch64-poky-linux-ranlib
ac_cv_prog_STRIP=aarch64-poky-linux-strip
ac_cv_prog_ac_ct_MANIFEST_TOOL=mt
ac_cv_prog_cc_c89=
ac_cv_prog_cc_g=yes
ac_cv_prog_cxx_g=yes
ac_cv_prog_make_make_set=yes
ac_cv_pwrite=no
ac_cv_regexec_segfault_emptystr=no
ac_cv_sizeof_pid_t=4
ac_cv_sizeof_size_t=8
ac_cv_sizeof_ssize_t=8
ac_cv_sizeof_wchar_t=4
ac_cv_strerror_r_SUSv3=no
ac_cv_sys_restartable_syscalls=yes
ac_cv_target=aarch64-poky-linux-gnu
ac_cv_type_uid_t='{ac_cv_type_uid_t=yes}'
ac_cv_va_copy=yes
ac_cv_va_val_copy=yes
am_cv_CCAS_dependencies_compiler_type=gcc3
am_cv_CC_dependencies_compiler_type=gcc3
am_cv_CXX_dependencies_compiler_type=gcc3
am_cv_func_working_getline=yes
am_cv_make_support_nested_variables=yes
am_cv_prog_cc_c_o=yes
am_cv_scanf_lld=yes
apr_cv_process_shared_works=no
apr_cv_tcp_nodelay_with_cork=yes
as_cv_unaligned_access=no
bash_cv_dup2_broken=no
bash_cv_func_sigsetjmp=missing
bash_cv_func_strcoll_broken=no
bash_cv_getcwd_calls_popen=no
bash_cv_getcwd_malloc=yes
bash_cv_getenv_redef=yes
bash_cv_have_mbstate_t=yes
bash_cv_job_control_missing=present
bash_cv_must_reinstall_sighandlers=no
bash_cv_opendir_not_robust=no
bash_cv_pgrp_pipe=no
bash_cv_printf_a_format=yes
bash_cv_sys_named_pipes=present
bash_cv_sys_siglist=no
bash_cv_type_rlimit=rlim_t
bash_cv_ulimit_maxfds=yes
bash_cv_under_sys_siglist=no
bash_cv_unusable_rtsigs=no
compat_cv_func_basename_works=no
compat_cv_func_dirname_works=no
compat_cv_func_snprintf_works=yes
cvs_cv_func_printf_ptr=yes
db_cv_align_t='unsigned long long'
db_cv_alignp_t='unsigned long'
db_cv_fcntl_f_setfd=yes
db_cv_path_ar=/usr/bin/ar
db_cv_path_chmod=/bin/chmod
db_cv_path_cp=/bin/cp
db_cv_path_ln=/bin/ln
db_cv_path_mkdir=/bin/mkdir
db_cv_path_ranlib=/usr/bin/ranlib
db_cv_path_rm=/bin/rm
db_cv_path_sh=/bin/sh
db_cv_path_strip=/usr/bin/strip
db_cv_spinlocks=no
db_cv_sprintf_count=yes
ettercap_cv_type_socklen_t=yes
fu_cv_sys_stat_statfs2_bsize=yes
gl_cv_func_btowc_eof=yes
gl_cv_func_fstatat_zero_flag=yes
gl_cv_func_getcwd_abort_bug=no
gl_cv_func_getcwd_null=yes
gl_cv_func_getcwd_path_max=yes
gl_cv_func_link_follows_symlink=no
gl_cv_func_mbrtowc_incomplete_state=yes
gl_cv_func_mbrtowc_nul_retval=yes
gl_cv_func_mbrtowc_null_arg=yes
gl_cv_func_mbrtowc_retval=yes
gl_cv_func_mbrtowc_sanitycheck=yes
gl_cv_func_nanosleep='no (mishandles large arguments)'
gl_cv_func_sleep_works=yes
gl_cv_func_unlink_busy_text=yes
gl_cv_func_wcrtomb_retval=yes
gl_cv_func_wctob_works=yes
gl_cv_func_working_mkstemp=yes
gl_cv_func_working_mktime=yes
gl_cv_func_working_utimes=yes
gl_cv_have_proc_uptime=yes
gl_cv_header_working_fcntl_h=yes
gl_cv_pipes_are_fifos='yes (1)'
glib_cv___va_copy=yes
glib_cv_compliant_posix_memalign=1
glib_cv_has__inline=yes
glib_cv_has__inline__=yes
glib_cv_hasinline=yes
glib_cv_have_qsort_r=yes
glib_cv_long_long_format=ll
glib_cv_rtldglobal_broken=no
glib_cv_sane_realloc=yes
glib_cv_stack_grows=no
glib_cv_strlcpy=no
glib_cv_sys_pthread_cond_timedwait_posix=yes
glib_cv_sys_pthread_getspecific_posix=yes
glib_cv_sys_pthread_mutex_trylock_posix=yes
glib_cv_sys_use_pid_niceness_surrogate=yes
glib_cv_uscore=no
glib_cv_use_pid_surrogate=yes
glib_cv_va_copy=yes
glib_cv_va_val_copy=yes
gt_cv_locale_fr=fr_FR
hw_cv_func_snprintf_c99=yes
hw_cv_func_vsnprintf_c99=yes
jm_cv_func_working_readdir=yes
lf_cv_sane_realloc=yes
lftp_cv_va_val_copy=yes
libIDL_cv_long_long_format=ll
lt_cv_ar_at_file=@
lt_cv_archive_cmds_need_lc=no
lt_cv_deplibs_check_method=pass_all
lt_cv_file_magic_cmd='$MAGIC_CMD'
lt_cv_file_magic_test_file=
lt_cv_ld_reload_flag=-r
lt_cv_nm_interface='BSD nm'
lt_cv_objdir=.libs
lt_cv_path_LD='aarch64-poky-linux-ld  --sysroot=/usr/local/oecore-x86_64/sysroots/aarch64-poky-linux'
lt_cv_path_LDCXX='aarch64-poky-linux-ld  --sysroot=/usr/local/oecore-x86_64/sysroots/aarch64-poky-linux'
lt_cv_path_NM=aarch64-poky-linux-nm
lt_cv_path_mainfest_tool=no
lt_cv_prog_compiler_c_o=yes
lt_cv_prog_compiler_c_o_CXX=yes
lt_cv_prog_compiler_pic='-fPIC -DPIC'
lt_cv_prog_compiler_pic_CXX='-fPIC -DPIC'
lt_cv_prog_compiler_pic_works=yes
lt_cv_prog_compiler_pic_works_CXX=yes
lt_cv_prog_compiler_rtti_exceptions=no
lt_cv_prog_compiler_static_works=no
lt_cv_prog_compiler_static_works_CXX=no
lt_cv_prog_gnu_ld=yes
lt_cv_prog_gnu_ldcxx=yes
lt_cv_sharedlib_from_linklib_cmd='printf %s\n'
lt_cv_shlibpath_overrides_runpath=no
lt_cv_sys_global_symbol_pipe='sed -n -e '\''s/^.*[	 ]\([ABCDGIRSTW][ABCDGIRSTW]*\)[	 ][	 ]*\([_A-Za-z][_A-Za-z0-9]*\)$/\1 \2 \2/p'\'' | sed '\''/ __gnu_lto/d'\'''
lt_cv_sys_global_symbol_to_c_name_address='sed -n -e '\''s/^: \(.*\) .*$/  {"\1", (void *) 0},/p'\'' -e '\''s/^[ABCDGIRSTW][ABCDGIRSTW]* .* \(.*\)$/  {"\1", (void *) \&\1},/p'\'''
lt_cv_sys_global_symbol_to_c_name_address_lib_prefix='sed -n -e '\''s/^: \(.*\) .*$/  {"\1", (void *) 0},/p'\'' -e '\''s/^[ABCDGIRSTW][ABCDGIRSTW]* .* \(lib.*\)$/  {"\1", (void *) \&\1},/p'\'' -e '\''s/^[ABCDGIRSTW][ABCDGIRSTW]* .* \(.*\)$/  {"lib\1", (void *) \&\1},/p'\'''
lt_cv_sys_global_symbol_to_cdecl='sed -n -e '\''s/^T .* \(.*\)$/extern int \1();/p'\'' -e '\''s/^[ABCDGIRSTW][ABCDGIRSTW]* .* \(.*\)$/extern char \1;/p'\'''
lt_cv_sys_global_symbol_to_import=
lt_cv_sys_max_cmd_len=1572864
lt_cv_to_host_file_cmd=func_convert_file_noop
lt_cv_to_tool_file_cmd=func_convert_file_noop
lt_cv_truncate_bin='/usr/bin/dd bs=4096 count=1'
mr_cv_target_elf=yes
mysql_cv_func_atomic_add=no
mysql_cv_func_atomic_sub=no
nano_cv_func_regexec_segv_emptystr=no
php_cv_lib_cookie_io_functions_use_off64_t=yes
rpppoe_cv_pack_bitfields=rev
rsync_cv_HAVE_BROKEN_LARGEFILE=no
rsync_cv_HAVE_BROKEN_READDIR=no
rsync_cv_HAVE_C99_VSNPRINTF=yes
rsync_cv_HAVE_GETTIMEOFDAY_TZ=yes
rsync_cv_HAVE_LONGLONG=yes
rsync_cv_HAVE_OFF64_T=no
rsync_cv_HAVE_SECURE_MKSTEMP=yes
rsync_cv_HAVE_SHORT_INO_T=no
rsync_cv_HAVE_SOCKETPAIR=yes
rsync_cv_HAVE_UNSIGNED_CHAR=no
rsync_cv_REPLACE_INET_ATON=no
rsync_cv_REPLACE_INET_NTOA=no
samba_cv_HAVE_IFACE_AIX=no
samba_cv_HAVE_IFACE_IFCONF=yes
samba_cv_HAVE_IFACE_IFREQ=yes
samba_cv_HAVE_IRIX_SPECIFIC_CAPABILITIES=no
sc_cv_termios_ispeed=yes
screen_cv_sys_bcopy_overlap=no
screen_cv_sys_fifo_broken_impl=yes
screen_cv_sys_fifo_usable=yes
screen_cv_sys_memcpy_overlap=no
screen_cv_sys_memmove_overlap=no
screen_cv_sys_select_broken_retval=no
screen_cv_sys_sockets_nofs=no
screen_cv_sys_sockets_usable=yes
screen_cv_sys_terminfo_used=yes
shadow_cv_logdir='${prefix}/var/log'
shadow_cv_maildir='${prefix}/var/spool/mail'
shadow_cv_mailfile=Mailbox
shadow_cv_passwd_dir='${exec_prefix}/bin'
shadow_cv_utmpdir='${prefix}/var/run'
slrn_cv_va_val_copy=yes
sudo_cv_func_unsetenv_void=no
tcl_cv_api_serial=termios
utils_cv_sys_open_max=1019
xorg_cv_malloc0_returns_null=yes

## ----------------- ##
## Output variables. ##
## ----------------- ##

ACLOCAL='${SHELL} /home/chchen59/ma35d1_sip_phone/WebRTC_AEC/missing aclocal-1.16'
AMDEPBACKSLASH='\'
AMDEP_FALSE='#'
AMDEP_TRUE=''
AMTAR='$${TAR-tar}'
AM_BACKSLASH='\'
AM_DEFAULT_V='$(AM_DEFAULT_VERBOSITY)'
AM_DEFAULT_VERBOSITY='1'
AM_V='$(V)'
AR='aarch64-poky-linux-ar'
AUTOCONF='${SHELL} /home/chchen59/ma35d1_sip_phone/WebRTC_AEC/missing autoconf'
AUTOHEADER='${SHELL} /home/chchen59/ma35d1_sip_phone/WebRTC_AEC/missing autoheader'
AUTOMAKE='${SHELL} /home/chchen59/ma35d1_sip_phone/WebRTC_AEC/missing automake-1.16'
AWK='mawk'
CC='aarch64-poky-linux-gcc  -mcpu=cortex-a35+crc --sysroot=/usr/local/oecore-x86_64/sysroots/aarch64-poky-linux'
CCAS='aarch64-poky-linux-gcc  -mcpu=cortex-a35+crc --sysroot=/usr/local/oecore-x86_64/sysroots/aarch64-poky-linux'
CCASDEPMODE='depmode=gcc3'
CCASFLAGS=' -O2 -pipe -g -feliminate-unused-debug-types '
CCDEPMODE='depmode=gcc3'
CFLAGS=' -O2 -pipe -g -feliminate-unused-debug-types '
CPP='aarch64-poky-linux-gcc -E  -mcpu=cortex-a35+crc --sysroot=/usr/local/oecore-x86_64/sysroots/aarch64-poky-linux'
CPPFLAGS=''
CXX='aarch64-poky-linux-g++  -mcpu=cortex-a35+crc --sysroot=/usr/local/oecore-x86_64/sysroots/aarch64-poky-linux'
CXXCPP='aarch64-poky-linux-g++  -mcpu=cortex-a35+crc --sysroot=/usr/local/oecore-x86_64/sysroots/aarch64-poky-linux -E'
CXXDEPMODE='depmode=gcc3'
CXXFLAGS=' -O2 -pipe -g -feliminate-unused-debug-types '
CYGPATH_W='echo'
DEFS='-DPACKAGE_NAME=\"WebRTC_AEC\" -DPACKAGE_TARNAME=\"webrtc_aec\" -DPACKAGE_VERSION=\"1.0\" -DPACKAGE_STRING=\"WebRTC_AEC\ 1.0\" -DPACKAGE_BUGREPORT=\"\" -DPACKAGE_URL=\"\" -DPACKAGE=\"webrtc_aec\" -DVERSION=\"1.0\" -DSTDC_HEADERS=1 -DHAVE_SYS_TYPES_H=1 -DHAVE_SYS_STAT_H=1 -DHAVE_STDLIB_H=1 -DHAVE_STRING_H=1 -DHAVE_MEMORY_H=1 -DHAVE_STRINGS_H=1 -DHAVE_INTTYPES_H=1 -DHAVE_STDINT_H=1 -DHAVE_UNISTD_H=1 -DHAVE_DLFCN_H=1 -DLT_OBJDIR=\".libs/\"'
DEPDIR='.deps'
DLLTOOL='false'
DSYMUTIL=''
DUMPBIN=''
ECHO_C=''
ECHO_N='-n'
ECHO_T=''
EGREP='/usr/bin/grep -E'
EXEEXT=''
FGREP='/usr/bin/grep -F'
GREP='/usr/bin/grep'
INSTALL_DATA='${INSTALL} -m 644'
INSTALL_PROGRAM='${INSTALL}'
INSTALL_SCRIPT='${INSTALL}'
INSTALL_STRIP_PROGRAM='$(install_sh) -c -s'
LD='aarch64-poky-linux-ld  --sysroot=/usr/local/oecore-x86_64/sysroots/aarch64-poky-linux'
LDFLAGS='-Wl,-O1 -Wl,--hash-style=gnu -Wl,--as-needed'
LIBOBJS=''
LIBS=''
LIBTOOL='$(top_builddir)/aarch64-poky-linux-libtool'
LIPO=''
LN_S='ln -s'
LTLIBOBJS=''
LT_SYS_LIBRARY_PATH=''
MAKEINFO='${SHELL} /home/chchen59/ma35d1_sip_phone/WebRTC_AEC/missing makeinfo'
MANIFEST_TOOL=':'
MKDIR_P='/usr/bin/mkdir -p'
NM='aarch64-poky-linux-nm'
NMEDIT=''
OBJDUMP='aarch64-poky-linux-objdump'
OBJEXT='o'
OTOOL64=''
OTOOL=''
PACKAGE='webrtc_aec'
PACKAGE_BUGREPORT=''
PACKAGE_NAME='WebRTC_AEC'
PACKAGE_STRING='WebRTC_AEC 1.0'
PACKAGE_TARNAME='webrtc_aec'
PACKAGE_URL=''
PACKAGE_VERSION='1.0'
PATH_SEPARATOR=':'
RANLIB='aarch64-poky-linux-ranlib'
SED='sed'
SET_MAKE=''
SHELL='/bin/bash'
STRIP='aarch64-poky-linux-strip'
VERSION='1.0'
ac_ct_AR=''
ac_ct_CC=''
ac_ct_CXX=''
ac_ct_DUMPBIN=''
am__EXEEXT_FALSE=''
am__EXEEXT_TRUE='#'
am__fastdepCCAS_FALSE='#'
am__fastdepCCAS_TRUE=''
am__fastdepCC_FALSE='#'
am__fastdepCC_TRUE=''
am__fastdepCXX_FALSE='#'
am__fastdepCXX_TRUE=''
am__include='include'
am__isrc=''
am__leading_dot='.'
am__nodep='_no'
am__quote=''
am__tar='$${TAR-tar} chof - "$$tardir"'
am__untar='$${TAR-tar} xf -'
bindir='${exec_prefix}/bin'
build='x86_64-pc-linux-gnu'
build_alias=''
build_cpu='x86_64'
build_os='linux-gnu'
build_vendor='pc'
datadir='${datarootdir}'
datarootdir='${prefix}/share'
docdir='${datarootdir}/doc/${PACKAGE_TARNAME}'
dvidir='${docdir}'
exec_prefix='${prefix}'
host='aarch64-poky-linux-gnu'
host_alias='aarch64-poky-linux'
host_cpu='aarch64'
host_os='linux-gnu'
host_vendor='poky'
htmldir='${docdir}'
includedir='${prefix}/include'
infodir='${datarootdir}/info'
install_sh='${SHELL} /home/chchen59/ma35d1_sip_phone/WebRTC_AEC/install-sh'
libdir='${exec_prefix}/lib'
libexecdir='${exec_prefix}/libexec'
localedir='${datarootdir}/locale'
localstatedir='${prefix}/var'
mandir='${datarootdir}/man'
mkdir_p='$(MKDIR_P)'
oldincludedir='/usr/include'
pdfdir='${docdir}'
prefix='/home/chchen59/ma35d1_sip_phone/WebRTC_AEC/../baresip_build/usr'
program_transform_name='s,x,x,'
psdir='${docdir}'
sbindir='${exec_prefix}/sbin'
sharedstatedir='${prefix}/com'
sysconfdir='${prefix}/etc'
target='aarch64-poky-linux-gnu'
target_alias=''
target_cpu='aarch64'
target_os='linux-gnu'
target_vendor='poky'

## ----------- ##
## confdefs.h. ##
## ----------- ##

/* confdefs.h */
#define PACKAGE_NAME "WebRTC_AEC"
#define PACKAGE_TARNAME "webrtc_aec"
#define PACKAGE_VERSION "1.0"
#define PACKAGE_STRING "WebRTC_AEC 1.0"
#define PACKAGE_BUGREPORT ""
#define PACKAGE_URL ""
#define PACKAGE "webrtc_aec"
#define VERSION "1.0"
#define STDC_HEADERS 1
#define HAVE_SYS_TYPES_H 1
#define HAVE_SYS_STAT_H 1
#define HAVE_STDLIB_H 1
#define HAVE_STRING_H 1
#define HAVE_MEMORY_H 1
#define HAVE_STRINGS_H 1
#define HAVE_INTTYPES_H 1
#define HAVE_STDINT_H 1
#define HAVE_UNISTD_H 1
#define HAVE_DLFCN_H 1
#define LT_OBJDIR ".libs/"

configure: exit 0

## ---------------------- ##
## Running config.status. ##
## ---------------------- ##

This file was extended by WebRTC_AEC config.status 1.0, which was
generated by GNU Autoconf 2.69.  Invocation command line was

  CONFIG_FILES    = 
  CONFIG_HEADERS  = 
  CONFIG_LINKS    = 
  CONFIG_COMMANDS = 
  $ ./config.status 

on chchen59

config.status:1048: creating Makefile
config.status:1048: creating src/Makefile
config.status:1048: creating sample/AEC3_Demo/Makefile
config.status:1048: creating sample/AEC3_Client/Makefile
config.status:1048: creating sample/AEC3_Server/Makefile
config.status:1048: creating sample/AECM_Demo/Makefile
config.status:1048: creating sample/AECM_Client/Makefile
config.status:1048: creating sample/AECM_Server/Makefile
config.status:1220: executing depfiles commands
config.status:1297: cd src       && sed -e '/# am--include-marker/d' Makefile         | make -f - am--depfiles
make[1]: Entering directory '/home/chchen59/ma35d1_sip_phone/WebRTC_AEC/src'
make[1]: Nothing to be done for 'am--depfiles'.
make[1]: Leaving directory '/home/chchen59/ma35d1_sip_phone/WebRTC_AEC/src'
config.status:1302: $? = 0
config.status:1297: cd sample/AEC3_Demo       && sed -e '/# am--include-marker/d' Makefile         | make -f - am--depfiles
make[1]: Entering directory '/home/chchen59/ma35d1_sip_phone/WebRTC_AEC/sample/AEC3_Demo'
make[1]: Nothing to be done for 'am--depfiles'.
make[1]: Leaving directory '/home/chchen59/ma35d1_sip_phone/WebRTC_AEC/sample/AEC3_Demo'
config.status:1302: $? = 0
config.status:1297: cd sample/AEC3_Client       && sed -e '/# am--include-marker/d' Makefile         | make -f - am--depfiles
make[1]: Entering directory '/home/chchen59/ma35d1_sip_phone/WebRTC_AEC/sample/AEC3_Client'
make[1]: Nothing to be done for 'am--depfiles'.
make[1]: Leaving directory '/home/chchen59/ma35d1_sip_phone/WebRTC_AEC/sample/AEC3_Client'
config.status:1302: $? = 0
config.status:1297: cd sample/AEC3_Server       && sed -e '/# am--include-marker/d' Makefile         | make -f - am--depfiles
make[1]: Entering directory '/home/chchen59/ma35d1_sip_phone/WebRTC_AEC/sample/AEC3_Server'
make[1]: Nothing to be done for 'am--depfiles'.
make[1]: Leaving directory '/home/chchen59/ma35d1_sip_phone/WebRTC_AEC/sample/AEC3_Server'
config.status:1302: $? = 0
config.status:1297: cd sample/AECM_Demo       && sed -e '/# am--include-marker/d' Makefile         | make -f - am--depfiles
make[1]: Entering directory '/home/chchen59/ma35d1_sip_phone/WebRTC_AEC/sample/AECM_Demo'
make[1]: Nothing to be done for 'am--depfiles'.
make[1]: Leaving directory '/home/chchen59/ma35d1_sip_phone/WebRTC_AEC/sample/AECM_Demo'
config.status:1302: $? = 0
config.status:1297: cd sample/AECM_Client       && sed -e '/# am--include-marker/d' Makefile         | make -f - am--depfiles
make[1]: Entering directory '/home/chchen59/ma35d1_sip_phone/WebRTC_AEC/sample/AECM_Client'
make[1]: Nothing to be done for 'am--depfiles'.
make[1]: Leaving directory '/home/chchen59/ma35d1_sip_phone/WebRTC_AEC/sample/AECM_Client'
config.status:1302: $? = 0
config.status:1297: cd sample/AECM_Server       && sed -e '/# am--include-marker/d' Makefile         | make -f - am--depfiles
make[1]: Entering directory '/home/chchen59/ma35d1_sip_phone/WebRTC_AEC/sample/AECM_Server'
make[1]: Nothing to be done for 'am--depfiles'.
make[1]: Leaving directory '/home/chchen59/ma35d1_sip_phone/WebRTC_AEC/sample/AECM_Server'
config.status:1302: $? = 0
config.status:1220: executing libtool commands
